[07/Oct/2025 07:55:40 America/Denver] [Info] ############################################################
[07/Oct/2025 07:55:40 America/Denver] [Info] # Output Factory initiated (html5)
[07/Oct/2025 07:55:40 America/Denver] [Info] # Building output for: 74312AENG: N67 Tier 4f Engine Troubleshooting Manual
[07/Oct/2025 07:55:40 America/Denver] [Info] # URL /document/edit/27545
[07/Oct/2025 07:55:40 America/Denver] [Info] # User: Samie Bauder
[07/Oct/2025 07:55:40 America/Denver] [Info] # Time: Tue, 07 Oct 2025 07:55:40 -0600
[07/Oct/2025 07:55:40 America/Denver] [Info] # Server: ip-192-1-31-154.us-east-2.compute.internal
[07/Oct/2025 07:55:40 America/Denver] [Info] ############################################################
[07/Oct/2025 07:55:40 America/Denver] [Info] Group: custom
[07/Oct/2025 07:55:40 America/Denver] [Info] Type: html5
[07/Oct/2025 07:55:40 America/Denver] [Info] Transformation: $user_dir/xsl/custom/layout-92871.xsl
[07/Oct/2025 07:55:40 America/Denver] [Info] File found: $user_dir/xsl/custom/layout-92871.xsl
[07/Oct/2025 07:55:40 America/Denver] [Info] ############################################################
[07/Oct/2025 07:55:40 America/Denver] [Info] Building output for: html5
[07/Oct/2025 07:55:40 America/Denver] [Info] Using stylesheet: $user_dir/xsl/custom/layout-92871.xsl
[07/Oct/2025 07:55:40 America/Denver] [Info] Parameters for this build: {"profile.outputformat":"html5","profile.xinfo.product":"N67 Tier 4f Engine"}
[07/Oct/2025 07:55:40 America/Denver] [Info] Environment variables for this build: {"image.size":"1","taxonomies.propagate":"1","taxonomy.filter.strategy":"descendants","use.language.image.folders":"0","scope.profiling.used":"0"}
[07/Oct/2025 07:55:40 America/Denver] [Info] Building output for languages: ["en"]
[07/Oct/2025 07:55:40 America/Denver] [Info] Building multilang: no
[07/Oct/2025 07:55:40 America/Denver] [Info] Building preview: no
[07/Oct/2025 07:55:40 America/Denver] [Info] ############################################################
[07/Oct/2025 07:55:40 America/Denver] [Info] Using build directory: $local_tmp/production-68e51b8a8f3ce1.47273278/74312A-html5
[07/Oct/2025 07:55:40 America/Denver] [Info] -- Generating source files
[07/Oct/2025 07:55:40 America/Denver] [Info] -- Propagating taxonomies: true
[07/Oct/2025 07:55:47 America/Denver] [Info] -- Source files have been generated
[07/Oct/2025 07:55:47 America/Denver] [Info] -- Publication has no unresolved dependencies.
[07/Oct/2025 07:55:48 America/Denver] [Info] Parsing processing instructions
[07/Oct/2025 07:55:48 America/Denver] [Info] -- Generating source files complete.
[07/Oct/2025 07:55:49 America/Denver] [Info] Localizing: publication-27545.xml
[07/Oct/2025 07:55:49 America/Denver] [Info] Language: en
[07/Oct/2025 07:55:50 America/Denver] [Warning] Resolving some links failed
[07/Oct/2025 07:55:50 America/Denver] [Info] [/*/*[7]/*[335]/*[7]/*[2]/*[2]/*/*[2]/*[1]/*[1]/*[2]] An outgoing link in <a href="/document/edit/10968">SPN-64159 / DTC-FA9F (Inducement: Level 1 (Torque Reduction), Triggered by Fault Relating to DEF Quality)</a> could not be resolved. The link points to <a href="/document/edit/94278">SPN-19914 / DTC-4DCA (DEF Quality Sensor Temperature Failure)</a> which is not part of this publication.
[07/Oct/2025 07:55:50 America/Denver] [Info] [/*/*[7]/*[339]/*[7]/*[2]/*[2]/*/*[2]/*[1]/*[1]/*[2]] An outgoing link in <a href="/document/edit/10980">SPN-64415 / DTC-FB9F (Inducement: Level 3 (Gear Reducer Mode), Triggered by Fault Relating to DEF Quality)</a> could not be resolved. The link points to <a href="/document/edit/94278">SPN-19914 / DTC-4DCA (DEF Quality Sensor Temperature Failure)</a> which is not part of this publication.
[07/Oct/2025 07:55:50 America/Denver] [Info] [/*/*[7]/*[341]/*[7]/*[2]/*[2]/*/*[2]/*[1]/*[1]/*[2]] An outgoing link in <a href="/document/edit/10987">SPN-64671 / DTC-FC9F (Inducement: Warning, Triggered by Fault Relating to DEF Quality)</a> could not be resolved. The link points to <a href="/document/edit/94278">SPN-19914 / DTC-4DCA (DEF Quality Sensor Temperature Failure)</a> which is not part of this publication.
[07/Oct/2025 07:55:51 America/Denver] [Info] Variable sets found: 2
[07/Oct/2025 07:55:51 America/Denver] [Info] Inserting image links.
[07/Oct/2025 07:55:51 America/Denver] [Info] Processing document: $local_tmp/production-68e51b8a8f3ce1.47273278/74312A-html5/tmp/publication-27545--en.xml
[07/Oct/2025 07:55:53 America/Denver] [Info] Found 477 image(s).
[07/Oct/2025 07:56:00 America/Denver] [Info] Profiling parameters: {"profile.outputformat":"html5","profile.xinfo.product":"N67 Tier 4f Engine"}
[07/Oct/2025 07:56:00 America/Denver] [Info] Profiling customisation: $user_dir/xsl/profile.xsl (not found)
[07/Oct/2025 07:56:02 America/Denver] [Info] Transformation: publication-27545--en.org.xml -> publication-27545--en.xml [profile.xsl]
[07/Oct/2025 07:56:02 America/Denver] [Info] Transformation: publication-27545--en.xml -> publication-27545--en.xml [internal-xref.xsl]
[07/Oct/2025 07:56:03 America/Denver] [Info] Transformation: A-filelist.xml -> B-sorted.xml [IO.document.sortlang.xsl]
[07/Oct/2025 07:56:03 America/Denver] [Info] Transformation: B-sorted.xml -> C-concatenated.xml [IO.document.concat.xsl]
[07/Oct/2025 07:56:03 America/Denver] [Info] Transformation: B-sorted.xml -> index-en.xml [IO.document.head.xsl]
[07/Oct/2025 07:56:04 America/Denver] [Info] Created copy: $user_dir/xsl/custom/layout-92871.xsl -> $user_dir/xsl/custom/68e51bf4220e7.xsl
[07/Oct/2025 07:56:04 America/Denver] [Info] Created symlink: $apppath/lib/docbook/xsl/html5/html5-2.page.xsl -> $user_dir/xsl/custom/68e51bf4220e7.page.xsl
[07/Oct/2025 07:56:04 America/Denver] [Info] Created symlink: $apppath/lib/docbook/xsl/html5/html5-2.index.xsl -> $user_dir/xsl/custom/68e51bf4220e7.index.xsl
[07/Oct/2025 07:56:04 America/Denver] [Info] Created symlink: $apppath/lib/docbook/xsl/html5/html5.toc.xsl -> $user_dir/xsl/custom/68e51bf4220e7.toc.xsl
[07/Oct/2025 07:56:04 America/Denver] [Info] Created symlink: $apppath/lib/docbook/xsl/html5/html5.page.xsl -> $user_dir/xsl/custom/68e51bf4220e7.page.xsl
[07/Oct/2025 07:56:04 America/Denver] [Info] Created symlink: $apppath/lib/docbook/xsl/html5/html5.index.xsl -> $user_dir/xsl/custom/68e51bf4220e7.index.xsl
[07/Oct/2025 07:56:06 America/Denver] [Info] Image copied: image/uuid-8f22402f-53e1-ad15-d13d-6960e63d7326.svg
[07/Oct/2025 07:56:06 America/Denver] [Info] Image copied: image/uuid-4eb6fe24-e916-7efd-ba0d-adaf62e80b61.svg
[07/Oct/2025 07:56:06 America/Denver] [Info] Image copied: image/uuid-96a17340-07ad-8b18-1e02-63ba150d0341.svg
[07/Oct/2025 07:56:06 America/Denver] [Info] Image copied: image/uuid-d7796d74-ddb8-941b-f9f3-bd7c2657da2d.svg
[07/Oct/2025 07:56:06 America/Denver] [Info] Image copied: image/uuid-4c3bfa11-c99a-1a07-2d40-ebc2ddc2ae36.svg
[07/Oct/2025 07:56:06 America/Denver] [Info] Image copied: image/uuid-7fdbd5bb-5839-e9c3-ee9a-1a3bdd20b2c4.svg
[07/Oct/2025 07:56:06 America/Denver] [Info] Image copied: image/uuid-c23132ed-1f67-4ebc-62ba-e04f0a6df719.svg
[07/Oct/2025 07:56:06 America/Denver] [Info] Image copied: image/uuid-ee412f66-45eb-0c62-6787-7b45c8b32342.svg
[07/Oct/2025 07:56:06 America/Denver] [Info] Image copied: image/uuid-9ff60ae7-d543-d796-8d8e-85967daa2b87.svg
[07/Oct/2025 07:56:06 America/Denver] [Info] Image copied: image/uuid-d702f745-9c32-b391-b7b9-ce9ad793a801.svg
[07/Oct/2025 07:56:06 America/Denver] [Info] Image copied: image/uuid-f4115f6e-9bce-c33f-60cd-80ccb7b9fed7.svg
[07/Oct/2025 07:56:06 America/Denver] [Info] Image copied: image/uuid-14a617c7-28e0-e288-26ba-ed869493b0a4.svg
[07/Oct/2025 07:56:06 America/Denver] [Info] Image copied: image/uuid-361c5c66-9d30-3d8d-c3ba-6e57616c4600.svg
[07/Oct/2025 07:56:06 America/Denver] [Info] Image copied: image/uuid-0fdcafa4-032c-3ba1-ed12-bc733eae0959.svg
[07/Oct/2025 07:56:06 America/Denver] [Info] Image copied: image/uuid-51de91de-491d-410d-a097-9898552ae029.svg
[07/Oct/2025 07:56:06 America/Denver] [Info] Image copied: image/uuid-a9af9cc4-4a29-3855-4ba0-b126433ae15f.svg
[07/Oct/2025 07:56:06 America/Denver] [Info] Image copied: image/uuid-9e8d5dff-5ac1-cf79-92b5-f39a3ea7f814.svg
[07/Oct/2025 07:56:06 America/Denver] [Info] Image copied: image/uuid-1b5bb7bc-6333-7e4d-b71f-01fe4c1ea5b7.svg
[07/Oct/2025 07:56:06 America/Denver] [Info] Image copied: image/uuid-1d7b14eb-b813-2f64-9e67-9f0ad184eb37.svg
[07/Oct/2025 07:56:06 America/Denver] [Info] Image copied: image/uuid-603c6b09-31ee-cc05-fb53-639bd52acf2a.svg
[07/Oct/2025 07:56:06 America/Denver] [Info] Image copied: image/uuid-709e80e2-deec-14d4-60cd-99f295bf676d.svg
[07/Oct/2025 07:56:06 America/Denver] [Info] Image copied: image/uuid-22f6c777-f156-9af3-4403-ee1ff9c4ca53.svg
[07/Oct/2025 07:56:06 America/Denver] [Info] Image copied: image/uuid-e38487b7-564f-c28a-94f6-8001f6c8919d.svg
[07/Oct/2025 07:56:06 America/Denver] [Info] Image copied: image/uuid-0f5b55ba-f970-27db-6696-3d9511376d33.svg
[07/Oct/2025 07:56:06 America/Denver] [Info] Image copied: image/uuid-ed41d9d9-7a6c-8715-f343-cb6b3f3ba096.svg
[07/Oct/2025 07:56:06 America/Denver] [Info] Image copied: image/uuid-f3c51c20-8d08-721f-d92d-8e1f82f952b1.svg
[07/Oct/2025 07:56:06 America/Denver] [Info] Image copied: image/uuid-4eb3af1e-5462-d90a-f4f3-18819d0eae1c.svg
[07/Oct/2025 07:56:06 America/Denver] [Info] Image copied: image/uuid-033fcfbe-ea9a-a464-f07f-e812eab9736e.svg
[07/Oct/2025 07:56:06 America/Denver] [Info] Image copied: image/uuid-9603f1fe-3844-6ded-bf83-13b9200b371e.svg
[07/Oct/2025 07:56:06 America/Denver] [Info] Image copied: image/uuid-804c6cad-51ba-d415-e2c7-f02150666ba0.svg
[07/Oct/2025 07:56:06 America/Denver] [Info] Image copied: image/uuid-6e3c8191-dd9c-205a-f04d-8468a24ddc8a.svg
[07/Oct/2025 07:56:06 America/Denver] [Info] Image copied: image/uuid-82386b9d-acbb-ce04-2861-f2ff375f892b.svg
[07/Oct/2025 07:56:06 America/Denver] [Info] Image copied: image/uuid-a0947656-150b-18aa-be84-01c0b0856ddf.svg
[07/Oct/2025 07:56:06 America/Denver] [Info] Image copied: image/uuid-b3fdb34d-45d0-3988-f3a2-9f03fe63fa77.svg
[07/Oct/2025 07:56:06 America/Denver] [Info] Image copied: image/uuid-fec1ac7d-0955-641c-ccd6-75691b05d88e.svg
[07/Oct/2025 07:56:06 America/Denver] [Info] Image copied: image/uuid-e6bef254-b5b2-419a-5762-db051833c6ac.svg
[07/Oct/2025 07:56:06 America/Denver] [Info] Image copied: image/uuid-2cbb6762-93a5-bb55-0733-ff20512fcdf2.svg
[07/Oct/2025 07:56:06 America/Denver] [Info] Image copied: image/uuid-3e268569-868a-2697-1fe9-4a3a70fb5f64.svg
[07/Oct/2025 07:56:06 America/Denver] [Info] Image copied: image/uuid-fb70b81c-2a68-c3e3-8ced-a9037e245211.svg
[07/Oct/2025 07:56:06 America/Denver] [Info] Image copied: image/uuid-7380fe7d-094d-1384-6e7a-262f9c998f60.svg
[07/Oct/2025 07:56:06 America/Denver] [Info] Image copied: image/uuid-9453e980-0e66-9d7f-cce7-ca6a4cea0265.svg
[07/Oct/2025 07:56:06 America/Denver] [Info] Image copied: image/uuid-cdcf3ef3-102a-b073-65c6-9886e04a3cf5.svg
[07/Oct/2025 07:56:06 America/Denver] [Info] Image copied: image/uuid-750d1184-6909-4402-0103-1fd9ee7bf8af.svg
[07/Oct/2025 07:56:06 America/Denver] [Info] Image copied: image/uuid-37eaa63e-b48b-e50c-93bc-505a04bf1fc7.svg
[07/Oct/2025 07:56:06 America/Denver] [Info] Image copied: image/uuid-a0e6976c-d336-209f-3f96-b8e42d921c62.svg
[07/Oct/2025 07:56:06 America/Denver] [Info] Image copied: image/uuid-27f8bcfc-2748-04a0-c0fd-f4f9dff8cb0c.svg
[07/Oct/2025 07:56:06 America/Denver] [Info] Image copied: image/uuid-49a2811c-7629-afa5-03a7-454adb2d8005.svg
[07/Oct/2025 07:56:06 America/Denver] [Info] Image copied: image/uuid-50d16db5-471d-add5-f89f-4fdb64dd825e.svg
[07/Oct/2025 07:56:06 America/Denver] [Info] Image copied: image/uuid-20d582d9-61a3-070e-0ebd-4165204cc827.svg
[07/Oct/2025 07:56:06 America/Denver] [Info] Image copied: image/uuid-9e7e1737-e19e-9adc-138c-42cab7991332.svg
[07/Oct/2025 07:56:06 America/Denver] [Info] Image copied: image/uuid-32ce330e-20f0-8178-1457-e233ce7f8ae8.svg
[07/Oct/2025 07:56:06 America/Denver] [Info] Image copied: image/uuid-a498bb70-40f5-b79c-7b0d-20147bfe7cd2.svg
[07/Oct/2025 07:56:06 America/Denver] [Info] Image copied: image/uuid-d37aeeb6-88dd-e1bc-a3c8-0dc8dc4884e4.svg
[07/Oct/2025 07:56:06 America/Denver] [Info] Image copied: image/uuid-3cef1ee0-a08e-269d-265d-d1b110174113.svg
[07/Oct/2025 07:56:06 America/Denver] [Info] Image copied: image/uuid-10073dee-23f5-56f2-9a29-84b11ab33556.svg
[07/Oct/2025 07:56:06 America/Denver] [Info] Image copied: image/uuid-90d7ba18-55a2-ad9f-c683-9986c7885a8f.svg
[07/Oct/2025 07:56:06 America/Denver] [Info] Image copied: image/uuid-a9757c9b-df4f-12cf-557e-08e1526ac392.svg
[07/Oct/2025 07:56:06 America/Denver] [Info] Image copied: image/uuid-94d958f2-67e8-9013-4315-3d25254b0db5.svg
[07/Oct/2025 07:56:06 America/Denver] [Info] Image copied: image/uuid-f650dcad-d3c5-0817-0dd7-da47b331b062.svg
[07/Oct/2025 07:56:06 America/Denver] [Info] Image copied: image/uuid-d1e1b26c-2b36-7830-903b-4ede163992cc.svg
[07/Oct/2025 07:56:06 America/Denver] [Info] Image copied: image/uuid-b6cab5e0-a82a-9c75-de6e-8275aa92e5ef.svg
[07/Oct/2025 07:56:06 America/Denver] [Info] Image copied: image/uuid-3ee1cd13-51c1-6124-3949-b9c9b67e0d5c.svg
[07/Oct/2025 07:56:06 America/Denver] [Info] Image copied: image/uuid-95c9fecf-7185-12dc-c4b5-7192d0a41b85.svg
[07/Oct/2025 07:56:06 America/Denver] [Info] Image copied: image/uuid-52f145f6-a19b-ed1d-ca7c-b194723fe0fe.svg
[07/Oct/2025 07:56:06 America/Denver] [Info] Image copied: image/uuid-6fde8884-7665-ced6-2acf-0b5cb32e09d1.svg
[07/Oct/2025 07:56:06 America/Denver] [Info] Image copied: image/uuid-2afbd199-a9c1-9402-866b-688132f358d1.svg
[07/Oct/2025 07:56:06 America/Denver] [Info] Image copied: image/uuid-fbc2b385-f2d8-cb82-c41e-d32c577799e2.svg
[07/Oct/2025 07:56:06 America/Denver] [Info] Image copied: image/uuid-f56dfd52-2c75-a2a4-b088-3673ee92a2af.svg
[07/Oct/2025 07:56:06 America/Denver] [Info] Image copied: image/uuid-ab54eb46-7756-d4d7-02f6-75a959f81660.svg
[07/Oct/2025 07:56:06 America/Denver] [Info] Image copied: image/uuid-6c70af21-13d1-9ff8-7637-f9a30e348070.svg
[07/Oct/2025 07:56:06 America/Denver] [Info] Image copied: image/uuid-1d667436-db7f-c86e-ce2a-bc812b431a80.svg
[07/Oct/2025 07:56:06 America/Denver] [Info] Image copied: image/uuid-5f7e7622-a088-f460-f82d-d089514b9dec.svg
[07/Oct/2025 07:56:06 America/Denver] [Info] Image copied: image/uuid-538f8d7d-cfee-b901-dc5d-ed82ab2e445b.svg
[07/Oct/2025 07:56:06 America/Denver] [Info] Image copied: image/uuid-eb4d0a37-c12c-e63d-3b2f-3d098b220360.svg
[07/Oct/2025 07:56:06 America/Denver] [Info] Image copied: image/uuid-c250a269-400e-35c7-8d06-707ceb6b4841.svg
[07/Oct/2025 07:56:06 America/Denver] [Info] Image copied: image/uuid-08f822fb-bea6-888d-b77a-e7a886f8f63b.svg
[07/Oct/2025 07:56:06 America/Denver] [Info] Image copied: image/uuid-b59173e6-c1cc-1a0a-3a79-293a4127630f.svg
[07/Oct/2025 07:56:06 America/Denver] [Info] Image copied: image/uuid-0109609e-071a-0492-0a3a-aeee3b45fe5e.svg
[07/Oct/2025 07:56:06 America/Denver] [Info] Image copied: image/uuid-45f41d0f-2568-3de2-e8be-183c35494903.svg
[07/Oct/2025 07:56:06 America/Denver] [Info] Image copied: image/uuid-3075d337-8508-96f3-584b-f246a41ea5a1.svg
[07/Oct/2025 07:56:06 America/Denver] [Info] Image copied: image/uuid-bee131f3-7b2a-3d7b-938b-41cb9561af83.svg
[07/Oct/2025 07:56:06 America/Denver] [Info] Image copied: image/uuid-40acce82-b80e-132f-6c3d-10a935272b41.svg
[07/Oct/2025 07:56:06 America/Denver] [Info] Image copied: image/uuid-d1987abd-6da9-5c56-bc58-ffddb14fd20f.svg
[07/Oct/2025 07:56:06 America/Denver] [Info] Image copied: image/uuid-01d89de2-66b1-c9ca-ec5d-9f40ebc4ebfc.svg
[07/Oct/2025 07:56:06 America/Denver] [Info] Image copied: image/uuid-b5c8c9f6-9f00-729f-476c-ac6846f69c07.svg
[07/Oct/2025 07:56:06 America/Denver] [Info] Image copied: image/uuid-72344376-aec6-c3f4-487f-3fb68c8c5900.svg
[07/Oct/2025 07:56:06 America/Denver] [Info] Image copied: image/uuid-c264f236-2eee-41e4-5051-f4f87bf3bd8b.svg
[07/Oct/2025 07:56:06 America/Denver] [Info] Image copied: image/uuid-2665d2b9-9fa0-dfcb-33fc-9c0bdfb04493.svg
[07/Oct/2025 07:56:06 America/Denver] [Info] Image copied: image/uuid-e9b9b42a-fe19-dab4-dcda-24fff4672bde.svg
[07/Oct/2025 07:56:06 America/Denver] [Info] Image copied: image/uuid-be1c6c77-6ae7-5cf7-e713-4ab2cbe6c5ff.svg
[07/Oct/2025 07:56:06 America/Denver] [Info] Image copied: image/uuid-46da2e12-ce38-25a1-213d-f3b7642f1cef.svg
[07/Oct/2025 07:56:06 America/Denver] [Info] Image copied: image/uuid-581e8c33-f191-fb38-3f1c-be7f11af23ef.svg
[07/Oct/2025 07:56:06 America/Denver] [Info] Image copied: image/uuid-e1755f85-2ee1-ec86-6ffd-b48788b659ae.png
[07/Oct/2025 07:56:06 America/Denver] [Info] Image copied: image/uuid-d5e2102d-d14a-f6d1-9e4d-de815dcffebc.png
[07/Oct/2025 07:56:06 America/Denver] [Info] Image copied: image/uuid-0a1ec010-3eba-5e37-85cd-0409acd59b18.svg
[07/Oct/2025 07:56:06 America/Denver] [Info] Image copied: image/uuid-80ffb853-161a-01ad-f3b1-6ae24328c137.svg
[07/Oct/2025 07:56:06 America/Denver] [Info] Image copied: image/uuid-979b66de-7384-74c9-3860-4905129cd229.svg
[07/Oct/2025 07:56:06 America/Denver] [Info] Image copied: image/uuid-a8a6e159-a986-328f-be2d-ac82ea0ff066.svg
[07/Oct/2025 07:56:06 America/Denver] [Info] Image copied: image/uuid-b6c0ec82-4ea6-11f2-cad2-30eebedb862f.svg
[07/Oct/2025 07:56:06 America/Denver] [Info] Image copied: image/uuid-4f01aded-b5cc-2662-d5ba-2dfe3184205e.png
[07/Oct/2025 07:56:06 America/Denver] [Info] Image copied: image/uuid-feb6ec4a-07b0-f001-4761-c1cdfcbe3e18.svg
[07/Oct/2025 07:56:06 America/Denver] [Info] Image copied: image/uuid-f69efe71-df9f-8748-4113-30058283aa5d.svg
[07/Oct/2025 07:56:06 America/Denver] [Info] Image copied: image/uuid-9b99cfe4-aaae-bf22-1ce3-5c7a07fcce78.svg
[07/Oct/2025 07:56:06 America/Denver] [Info] Image copied: image/uuid-f0a03134-b5fc-8e31-28db-10080e6e0c29.svg
[07/Oct/2025 07:56:06 America/Denver] [Info] Image copied: image/uuid-5050a0e8-b258-ad34-9579-cab712bcc7e1.svg
[07/Oct/2025 07:56:06 America/Denver] [Info] Image copied: image/uuid-c24ebf56-68d1-7be2-c6e6-796ed349c980.svg
[07/Oct/2025 07:56:06 America/Denver] [Info] Image copied: image/uuid-b6f50638-3763-f5cc-ed17-58af1c6a1387.svg
[07/Oct/2025 07:56:06 America/Denver] [Info] Image copied: image/uuid-82f8af75-829f-4b25-ddd3-2b9a3ad8d825.svg
[07/Oct/2025 07:56:06 America/Denver] [Info] Image copied: image/uuid-2fdc596e-e241-f328-5620-625e1d48363a.svg
[07/Oct/2025 07:56:06 America/Denver] [Info] Image copied: image/uuid-a257d7a7-db33-f9a5-02f1-d12d761ffe68.svg
[07/Oct/2025 07:56:06 America/Denver] [Info] Image copied: image/uuid-a0fbe30c-bd2c-6553-ffc2-c176c6bbe920.svg
[07/Oct/2025 07:56:06 America/Denver] [Info] Image copied: image/uuid-61c6fc72-c4be-2848-5415-aeb73d1f27db.svg
[07/Oct/2025 07:56:06 America/Denver] [Info] Image copied: image/uuid-6cc9dee5-84a0-0896-b1cb-d35ec049bc0e.svg
[07/Oct/2025 07:56:06 America/Denver] [Info] Image copied: image/uuid-fc2ec284-65f5-97a1-3915-0140d2699d11.svg
[07/Oct/2025 07:56:06 America/Denver] [Info] Image copied: image/uuid-fcd67bca-be75-d950-43e4-c902aedc972c.svg
[07/Oct/2025 07:56:06 America/Denver] [Info] Image copied: image/uuid-39e3160b-ae3f-c35d-1262-ad4d02a7a1b8.svg
[07/Oct/2025 07:56:06 America/Denver] [Info] Image copied: image/uuid-add3f0c6-9b89-c868-862a-822a674d2eaa.svg
[07/Oct/2025 07:56:06 America/Denver] [Info] Image copied: image/uuid-84cb2b6f-9ca6-065d-ca14-a907181c642b.svg
[07/Oct/2025 07:56:06 America/Denver] [Info] Image copied: image/uuid-f3c5c1bb-21c6-9887-7abb-0ba77767a3f9.svg
[07/Oct/2025 07:56:06 America/Denver] [Info] Image copied: image/uuid-18292e96-d610-82a7-1194-35d7e70b04be.svg
[07/Oct/2025 07:56:06 America/Denver] [Info] Image copied: image/uuid-0a674fd6-a682-6c31-650a-50cbba2b20f4.svg
[07/Oct/2025 07:56:06 America/Denver] [Info] Image copied: image/uuid-7dc78f63-6462-bc92-2909-01751bf19678.svg
[07/Oct/2025 07:56:06 America/Denver] [Info] Image copied: image/uuid-6e4c5e30-c62b-338e-91e7-b7c0ec23ea8d.svg
[07/Oct/2025 07:56:06 America/Denver] [Info] Image copied: image/uuid-f110f928-4b71-e4e6-eced-00b5e159e876.svg
[07/Oct/2025 07:56:06 America/Denver] [Info] Image copied: image/uuid-a36ef37a-b06d-e3e1-5915-32fefc347594.svg
[07/Oct/2025 07:56:06 America/Denver] [Info] Image copied: image/uuid-ef077525-ee8e-2400-420f-9bdcd12bd6b5.svg
[07/Oct/2025 07:56:06 America/Denver] [Info] Image copied: image/uuid-ee44df5c-1a4d-9d72-8610-6700d7163d79.svg
[07/Oct/2025 07:56:06 America/Denver] [Info] Image copied: image/uuid-51a9329a-5cf8-9563-f9ee-b687c7c55e8b.svg
[07/Oct/2025 07:56:06 America/Denver] [Info] Image copied: image/uuid-eae0a0a3-fcb7-0879-0163-a48c426ceaf5.svg
[07/Oct/2025 07:56:06 America/Denver] [Info] Image copied: image/uuid-66fdceba-0cdc-55ce-87ae-5333905b868b.svg
[07/Oct/2025 07:56:06 America/Denver] [Info] Image copied: image/uuid-bd36365f-8b9b-2cf9-030a-f6b914ccaac6.svg
[07/Oct/2025 07:56:06 America/Denver] [Info] Image copied: image/uuid-eaf9e977-b124-da47-d034-fa51b0e67b6e.svg
[07/Oct/2025 07:56:06 America/Denver] [Info] Image copied: image/uuid-75d2ccb6-26fc-167f-cb96-3f299c1ad25a.svg
[07/Oct/2025 07:56:06 America/Denver] [Info] Image copied: image/uuid-a8b4a4e9-d899-6f9e-5caa-1ce67e51f952.svg
[07/Oct/2025 07:56:06 America/Denver] [Info] Image copied: image/uuid-0bf619f7-f101-290e-743b-d0b902dcda8f.svg
[07/Oct/2025 07:56:06 America/Denver] [Info] Image copied: image/uuid-10269561-308f-78ce-efbb-381e3de562c7.svg
[07/Oct/2025 07:56:06 America/Denver] [Info] Image copied: image/uuid-7bdc30bc-4082-be7e-5002-261536ba3596.svg
[07/Oct/2025 07:56:06 America/Denver] [Info] Image copied: image/uuid-31f0c904-5746-423a-fb91-c16451756838.svg
[07/Oct/2025 07:56:06 America/Denver] [Info] Image copied: image/uuid-a4f15790-7ac9-ea6a-0145-399dda151b95.svg
[07/Oct/2025 07:56:06 America/Denver] [Info] Image copied: image/uuid-5b867207-91b6-9866-5a03-a0ead4280442.svg
[07/Oct/2025 07:56:06 America/Denver] [Info] Image copied: image/uuid-d98e04fd-cc1e-60ad-2c38-b53c608d1128.svg
[07/Oct/2025 07:56:06 America/Denver] [Info] Image copied: image/uuid-ce8fdc9a-3894-3ef9-a008-cb5b23530730.svg
[07/Oct/2025 07:56:06 America/Denver] [Info] Image copied: image/uuid-3d586837-ae6f-5248-b65a-15661b060971.svg
[07-Oct-2025 07:56:23 America/Denver] Parsing manifest file: css/*, css/image/*, css/image/callouts/*, js/*, js/jquery-3/*, fonts/*
[07-Oct-2025 07:56:23 America/Denver] Parsing manifest file: css/*, css/image/*, css/image/callouts/*, js/*, fonts/*
[07-Oct-2025 07:56:23 America/Denver] Copy file '$user_dir/xsl/custom/assets/layout-92871/67c1c7ca6ef82.png' to '$local_tmp/production-68e51b8a8f3ce1.47273278/74312A-html5/out/css/image/corporate-logo.png'
[07-Oct-2025 07:56:23 America/Denver] Copy file '$user_dir/xsl/custom/assets/layout-92871/67c1c7ca6ef82.png' to '$local_tmp/production-68e51b8a8f3ce1.47273278/74312A-html5/out/css/image/portal-logo.png'
[07-Oct-2025 07:56:23 America/Denver] Copy file '$user_dir/xsl/custom/assets/layout-92871/67c9ce4234c8e.js' to '$local_tmp/production-68e51b8a8f3ce1.47273278/74312A-html5/out/js/layout-custom-script.js'
[07-Oct-2025 07:56:23 America/Denver] Copy file '$user_dir/xsl/custom/assets/layout-92871/64958962c09b8.ico' to '$local_tmp/production-68e51b8a8f3ce1.47273278/74312A-html5/out/favicon.ico'
[07-Oct-2025 07:56:26 America/Denver] Post build HTML5
[07/Oct/2025 07:56:26 America/Denver] [Info] Transformation: index-en.html -> toc-en.html [68e51bf4220e7.toc.xsl]
[07/Oct/2025 07:56:26 America/Denver] [Info] Transformation: spn-59037-31---dtc-e69d-1f.html -> spn-59037-31---dtc-e69d-1f.html [68e51bf4220e7.page.xsl]
[07/Oct/2025 07:56:26 America/Denver] [Info] Transformation: recommended-parts-list-for-aftertreatment-repairs.html -> recommended-parts-list-for-aftertreatment-repairs.html [68e51bf4220e7.page.xsl]
[07/Oct/2025 07:56:26 America/Denver] [Info] Transformation: spn-14202-31---dtc-377a-1f.html -> spn-14202-31---dtc-377a-1f.html [68e51bf4220e7.page.xsl]
[07/Oct/2025 07:56:26 America/Denver] [Info] Transformation: intermittent-fault-process--udsts-passed--63164.html -> intermittent-fault-process--udsts-passed--63164.html [68e51bf4220e7.page.xsl]
[07/Oct/2025 07:56:26 America/Denver] [Info] Transformation: spn-31101-31---dtc-797d-1f.html -> spn-31101-31---dtc-797d-1f.html [68e51bf4220e7.page.xsl]
[07/Oct/2025 07:56:26 America/Denver] [Info] Transformation: test-the-nox-sensor.html -> test-the-nox-sensor.html [68e51bf4220e7.page.xsl]
[07/Oct/2025 07:56:26 America/Denver] [Info] Transformation: spn-11475-31---dtc-2cd3-1f.html -> spn-11475-31---dtc-2cd3-1f.html [68e51bf4220e7.page.xsl]
[07/Oct/2025 07:56:26 America/Denver] [Info] Transformation: tier-4f-aftertreatment-system-overview.html -> tier-4f-aftertreatment-system-overview.html [68e51bf4220e7.page.xsl]
[07/Oct/2025 07:56:26 America/Denver] [Info] Transformation: spn-9309-31---dtc-245d-1f.html -> spn-9309-31---dtc-245d-1f.html [68e51bf4220e7.page.xsl]
[07/Oct/2025 07:56:26 America/Denver] [Info] Transformation: spn-7123-31---dtc-1bd3-1f.html -> spn-7123-31---dtc-1bd3-1f.html [68e51bf4220e7.page.xsl]
[07/Oct/2025 07:56:26 America/Denver] [Info] Transformation: urea-dosing-valve-check--udvc-.html -> urea-dosing-valve-check--udvc-.html [68e51bf4220e7.page.xsl]
[07/Oct/2025 07:56:26 America/Denver] [Info] Transformation: spn-58845-31---dtc-e5dd-1f.html -> spn-58845-31---dtc-e5dd-1f.html [68e51bf4220e7.page.xsl]
[07/Oct/2025 07:56:26 America/Denver] [Info] Transformation: spn-61855-31---dtc-f19f-1f.html -> spn-61855-31---dtc-f19f-1f.html [68e51bf4220e7.page.xsl]
[07/Oct/2025 07:56:26 America/Denver] [Info] Transformation: check-intake-air-pressure-and-temperature-sensor.html -> check-intake-air-pressure-and-temperature-sensor.html [68e51bf4220e7.page.xsl]
[07/Oct/2025 07:56:26 America/Denver] [Info] Transformation: spn-59358-31---dtc-e7de-1f.html -> spn-59358-31---dtc-e7de-1f.html [68e51bf4220e7.page.xsl]
[07/Oct/2025 07:56:26 America/Denver] [Info] Transformation: spn-25685-31---dtc-6455-1f.html -> spn-25685-31---dtc-6455-1f.html [68e51bf4220e7.page.xsl]
[07/Oct/2025 07:56:26 America/Denver] [Info] Transformation: spn-59790-31---dtc-e98e-1f.html -> spn-59790-31---dtc-e98e-1f.html [68e51bf4220e7.page.xsl]
[07/Oct/2025 07:56:26 America/Denver] [Info] Transformation: spn-60982-31---dtc-ee36-1f.html -> spn-60982-31---dtc-ee36-1f.html [68e51bf4220e7.page.xsl]
[07/Oct/2025 07:56:26 America/Denver] [Info] Transformation: spn-62703-31---dtc-f4ef-1f.html -> spn-62703-31---dtc-f4ef-1f.html [68e51bf4220e7.page.xsl]
[07/Oct/2025 07:56:26 America/Denver] [Info] Transformation: spn-35362-31---dtc-8a22-1f.html -> spn-35362-31---dtc-8a22-1f.html [68e51bf4220e7.page.xsl]
[07/Oct/2025 07:56:26 America/Denver] [Info] Transformation: spn-57966-31---dtc-e26e-1f.html -> spn-57966-31---dtc-e26e-1f.html [68e51bf4220e7.page.xsl]
[07/Oct/2025 07:56:26 America/Denver] [Info] Transformation: spn-19402-31---dtc-4bca-1f.html -> spn-19402-31---dtc-4bca-1f.html [68e51bf4220e7.page.xsl]
[07/Oct/2025 07:56:26 America/Denver] [Info] Transformation: spn-13130-31---dtc-334a-1f.html -> spn-13130-31---dtc-334a-1f.html [68e51bf4220e7.page.xsl]
[07/Oct/2025 07:56:26 America/Denver] [Info] Transformation: spn-25894-31---dtc-6526-1f.html -> spn-25894-31---dtc-6526-1f.html [68e51bf4220e7.page.xsl]
[07/Oct/2025 07:56:26 America/Denver] [Info] Transformation: aftertreatment-system-sensor-diagnostic.html -> aftertreatment-system-sensor-diagnostic.html [68e51bf4220e7.page.xsl]
[07/Oct/2025 07:56:26 America/Denver] [Info] Transformation: spn-63394-31---dtc-f7a2-1f.html -> spn-63394-31---dtc-f7a2-1f.html [68e51bf4220e7.page.xsl]
[07/Oct/2025 07:56:26 America/Denver] [Info] Transformation: spn-4980-31---dtc-1374-1f.html -> spn-4980-31---dtc-1374-1f.html [68e51bf4220e7.page.xsl]
[07/Oct/2025 07:56:26 America/Denver] [Info] Transformation: check-camshaft-and-crankshaft-synchronization.html -> check-camshaft-and-crankshaft-synchronization.html [68e51bf4220e7.page.xsl]
[07/Oct/2025 07:56:26 America/Denver] [Info] Transformation: spn-58589-31---dtc-e4dd-1f.html -> spn-58589-31---dtc-e4dd-1f.html [68e51bf4220e7.page.xsl]
[07/Oct/2025 07:56:26 America/Denver] [Info] Transformation: spn-57821-31---dtc-e1dd-1f.html -> spn-57821-31---dtc-e1dd-1f.html [68e51bf4220e7.page.xsl]
[07/Oct/2025 07:56:26 America/Denver] [Info] Transformation: spn-12990-31---dtc-32be-1f.html -> spn-12990-31---dtc-32be-1f.html [68e51bf4220e7.page.xsl]
[07/Oct/2025 07:56:26 America/Denver] [Info] Transformation: check-the-charge-air-system-and-air-delivery-pipes.html -> check-the-charge-air-system-and-air-delivery-pipes.html [68e51bf4220e7.page.xsl]
[07/Oct/2025 07:56:26 America/Denver] [Info] Transformation: spn-15461-31---dtc-3c65-1f.html -> spn-15461-31---dtc-3c65-1f.html [68e51bf4220e7.page.xsl]
[07/Oct/2025 07:56:26 America/Denver] [Info] Transformation: spn-10948-31---dtc-2ac4-1f.html -> spn-10948-31---dtc-2ac4-1f.html [68e51bf4220e7.page.xsl]
[07/Oct/2025 07:56:26 America/Denver] [Info] Transformation: ecu-soft-reset.html -> ecu-soft-reset.html [68e51bf4220e7.page.xsl]
[07/Oct/2025 07:56:26 America/Denver] [Info] Transformation: spn-14154-31---dtc-374a-1f.html -> spn-14154-31---dtc-374a-1f.html [68e51bf4220e7.page.xsl]
[07/Oct/2025 07:56:26 America/Denver] [Info] Transformation: spn-58909-31---dtc-e61d-1f.html -> spn-58909-31---dtc-e61d-1f.html [68e51bf4220e7.page.xsl]
[07/Oct/2025 07:56:26 America/Denver] [Info] Transformation: spn-62111-31---dtc-f29f-1f.html -> spn-62111-31---dtc-f29f-1f.html [68e51bf4220e7.page.xsl]
[07/Oct/2025 07:56:26 America/Denver] [Info] Transformation: spn-10707-31---dtc-29d3-1f.html -> spn-10707-31---dtc-29d3-1f.html [68e51bf4220e7.page.xsl]
[07/Oct/2025 07:56:26 America/Denver] [Info] Transformation: spn-58941-31---dtc-e63d-1f.html -> spn-58941-31---dtc-e63d-1f.html [68e51bf4220e7.page.xsl]
[07/Oct/2025 07:56:26 America/Denver] [Info] Transformation: spn-29370-31---dtc-72ba-1f.html -> spn-29370-31---dtc-72ba-1f.html [68e51bf4220e7.page.xsl]
[07/Oct/2025 07:56:26 America/Denver] [Info] Transformation: spn-18842-31---dtc-499a-1f.html -> spn-18842-31---dtc-499a-1f.html [68e51bf4220e7.page.xsl]
[07/Oct/2025 07:56:26 America/Denver] [Info] Transformation: spn-15900-31---dtc-3e1c-1f.html -> spn-15900-31---dtc-3e1c-1f.html [68e51bf4220e7.page.xsl]
[07/Oct/2025 07:56:26 America/Denver] [Info] Transformation: spn-20190-31---dtc-4ede-1f.html -> spn-20190-31---dtc-4ede-1f.html [68e51bf4220e7.page.xsl]
[07/Oct/2025 07:56:26 America/Denver] [Info] Transformation: technical-data-for-def-quality--level--and-temperature-sensor--wema-.html -> technical-data-for-def-quality--level--and-temperature-sensor--wema-.html [68e51bf4220e7.page.xsl]
[07/Oct/2025 07:56:26 America/Denver] [Info] Transformation: spn-22038-31---dtc-5616-1f.html -> spn-22038-31---dtc-5616-1f.html [68e51bf4220e7.page.xsl]
[07/Oct/2025 07:56:26 America/Denver] [Info] Transformation: test-the-air-humidity-and-temperature-sensor.html -> test-the-air-humidity-and-temperature-sensor.html [68e51bf4220e7.page.xsl]
[07/Oct/2025 07:56:26 America/Denver] [Info] Transformation: spn-10410-31---dtc-28aa-1f.html -> spn-10410-31---dtc-28aa-1f.html [68e51bf4220e7.page.xsl]
[07/Oct/2025 07:56:27 America/Denver] [Info] Transformation: spn-36266-31---dtc-8daa-1f.html -> spn-36266-31---dtc-8daa-1f.html [68e51bf4220e7.page.xsl]
[07/Oct/2025 07:56:27 America/Denver] [Info] Transformation: spn-31764-31---dtc-7c14-1f.html -> spn-31764-31---dtc-7c14-1f.html [68e51bf4220e7.page.xsl]
[07/Oct/2025 07:56:27 America/Denver] [Info] Transformation: spn-6677-31---dtc-1a15-1f.html -> spn-6677-31---dtc-1a15-1f.html [68e51bf4220e7.page.xsl]
[07/Oct/2025 07:56:27 America/Denver] [Info] Transformation: spn-11034-31---dtc-2b1a-1f.html -> spn-11034-31---dtc-2b1a-1f.html [68e51bf4220e7.page.xsl]
[07/Oct/2025 07:56:27 America/Denver] [Info] Transformation: spn-5060-31---dtc-13c4-1f.html -> spn-5060-31---dtc-13c4-1f.html [68e51bf4220e7.page.xsl]
[07/Oct/2025 07:56:27 America/Denver] [Info] Transformation: test-the-def-level-and-temperature-sensor--wema-.html -> test-the-def-level-and-temperature-sensor--wema-.html [68e51bf4220e7.page.xsl]
[07/Oct/2025 07:56:27 America/Denver] [Info] Transformation: urea-dosing-pump-check--udpc-.html -> urea-dosing-pump-check--udpc-.html [68e51bf4220e7.page.xsl]
[07/Oct/2025 07:56:27 America/Denver] [Info] Transformation: spn-9412-31---dtc-24c4-1f.html -> spn-9412-31---dtc-24c4-1f.html [68e51bf4220e7.page.xsl]
[07/Oct/2025 07:56:27 America/Denver] [Info] Transformation: spn-18273-31---dtc-4761-1f.html -> spn-18273-31---dtc-4761-1f.html [68e51bf4220e7.page.xsl]
[07/Oct/2025 07:56:27 America/Denver] [Info] Transformation: excessive-oil-in-the-exhaust-system--turbo-replacement-.html -> excessive-oil-in-the-exhaust-system--turbo-replacement-.html [68e51bf4220e7.page.xsl]
[07/Oct/2025 07:56:27 America/Denver] [Info] Transformation: spn-6596-31---dtc-19c4-1f.html -> spn-6596-31---dtc-19c4-1f.html [68e51bf4220e7.page.xsl]
[07/Oct/2025 07:56:27 America/Denver] [Info] Transformation: spn-4371-31---dtc-1113-1f.html -> spn-4371-31---dtc-1113-1f.html [68e51bf4220e7.page.xsl]
[07/Oct/2025 07:56:27 America/Denver] [Info] Transformation: spn-5658-31---dtc-161a-1f.html -> spn-5658-31---dtc-161a-1f.html [68e51bf4220e7.page.xsl]
[07/Oct/2025 07:56:27 America/Denver] [Info] Transformation: spn-58669-31---dtc-e52d-1f.html -> spn-58669-31---dtc-e52d-1f.html [68e51bf4220e7.page.xsl]
[07/Oct/2025 07:56:27 America/Denver] [Info] Transformation: spn-5157-31---dtc-1425-1f.html -> spn-5157-31---dtc-1425-1f.html [68e51bf4220e7.page.xsl]
[07/Oct/2025 07:56:27 America/Denver] [Info] Transformation: spn-26749-31---dtc-687d-1f.html -> spn-26749-31---dtc-687d-1f.html [68e51bf4220e7.page.xsl]
[07/Oct/2025 07:56:27 America/Denver] [Info] Transformation: spn-4961-31---dtc-1361-1f.html -> spn-4961-31---dtc-1361-1f.html [68e51bf4220e7.page.xsl]
[07/Oct/2025 07:56:27 America/Denver] [Info] Transformation: spn-60470-31---dtc-ec36-1f.html -> spn-60470-31---dtc-ec36-1f.html [68e51bf4220e7.page.xsl]
[07/Oct/2025 07:56:27 America/Denver] [Info] Transformation: injector-cylinder-cut-out-test.html -> injector-cylinder-cut-out-test.html [68e51bf4220e7.page.xsl]
[07/Oct/2025 07:56:27 America/Denver] [Info] Transformation: fuel-pressure-check.html -> fuel-pressure-check.html [68e51bf4220e7.page.xsl]
[07/Oct/2025 07:56:27 America/Denver] [Info] Transformation: spn-63798-31---dtc-f936-1f.html -> spn-63798-31---dtc-f936-1f.html [68e51bf4220e7.page.xsl]
[07/Oct/2025 07:56:27 America/Denver] [Info] Transformation: spn-5957-31---dtc-1745-1f.html -> spn-5957-31---dtc-1745-1f.html [68e51bf4220e7.page.xsl]
[07/Oct/2025 07:56:27 America/Denver] [Info] Transformation: engine-electronic-control-unit--ecu--connections--tier-4f.html -> engine-electronic-control-unit--ecu--connections--tier-4f.html [68e51bf4220e7.page.xsl]
[07/Oct/2025 07:56:27 America/Denver] [Info] Transformation: spn-19678-31---dtc-4cde-1f.html -> spn-19678-31---dtc-4cde-1f.html [68e51bf4220e7.page.xsl]
[07/Oct/2025 07:56:27 America/Denver] [Info] Transformation: spn-40558-31---dtc-9e6e-1f.html -> spn-40558-31---dtc-9e6e-1f.html [68e51bf4220e7.page.xsl]
[07/Oct/2025 07:56:27 America/Denver] [Info] Transformation: check-external-fuel-leakage-of-high-pressure-system.html -> check-external-fuel-leakage-of-high-pressure-system.html [68e51bf4220e7.page.xsl]
[07/Oct/2025 07:56:27 America/Denver] [Info] Transformation: spn-21434-31--dtc-53ba-1f.html -> spn-21434-31--dtc-53ba-1f.html [68e51bf4220e7.page.xsl]
[07/Oct/2025 07:56:27 America/Denver] [Info] Transformation: spn-13612-31---dtc-352c-1f.html -> spn-13612-31---dtc-352c-1f.html [68e51bf4220e7.page.xsl]
[07/Oct/2025 07:56:27 America/Denver] [Info] Transformation: cylinder-compression-test.html -> cylinder-compression-test.html [68e51bf4220e7.page.xsl]
[07/Oct/2025 07:56:27 America/Denver] [Info] Transformation: spn-64047-31---dtc-fa2f-1f.html -> spn-64047-31---dtc-fa2f-1f.html [68e51bf4220e7.page.xsl]
[07/Oct/2025 07:56:27 America/Denver] [Info] Transformation: check-water-in-fuel-sensor-plausibility.html -> check-water-in-fuel-sensor-plausibility.html [68e51bf4220e7.page.xsl]
[07/Oct/2025 07:56:27 America/Denver] [Info] Transformation: fuel-injector-leakage-test.html -> fuel-injector-leakage-test.html [68e51bf4220e7.page.xsl]
[07/Oct/2025 07:56:27 America/Denver] [Info] Transformation: spn-58653-31---dtc-e51d-1f.html -> spn-58653-31---dtc-e51d-1f.html [68e51bf4220e7.page.xsl]
[07/Oct/2025 07:56:27 America/Denver] [Info] Transformation: spn-8931-31---dtc-22e3-1f.html -> spn-8931-31---dtc-22e3-1f.html [68e51bf4220e7.page.xsl]
[07/Oct/2025 07:56:27 America/Denver] [Info] Transformation: spn-22818-31---dtc-5922-2f.html -> spn-22818-31---dtc-5922-2f.html [68e51bf4220e7.page.xsl]
[07/Oct/2025 07:56:27 America/Denver] [Info] Transformation: spn-25754-31---dtc-649a-1f.html -> spn-25754-31---dtc-649a-1f.html [68e51bf4220e7.page.xsl]
[07/Oct/2025 07:56:27 America/Denver] [Info] Transformation: spn-38091-31---dtc-94cb-1f.html -> spn-38091-31---dtc-94cb-1f.html [68e51bf4220e7.page.xsl]
[07/Oct/2025 07:56:27 America/Denver] [Info] Transformation: spn-23482-31---dtc-5bba-1f.html -> spn-23482-31---dtc-5bba-1f.html [68e51bf4220e7.page.xsl]
[07/Oct/2025 07:56:27 America/Denver] [Info] Transformation: spn-37614-31---dtc-92ee-1f.html -> spn-37614-31---dtc-92ee-1f.html [68e51bf4220e7.page.xsl]
[07/Oct/2025 07:56:27 America/Denver] [Info] Transformation: spn-62370-31---dtc-f3a2-1f.html -> spn-62370-31---dtc-f3a2-1f.html [68e51bf4220e7.page.xsl]
[07/Oct/2025 07:56:27 America/Denver] [Info] Transformation: spn-7524-31---dtc-1d64-1f.html -> spn-7524-31---dtc-1d64-1f.html [68e51bf4220e7.page.xsl]
[07/Oct/2025 07:56:27 America/Denver] [Info] Transformation: spn-58166-31---dtc-e336-1f.html -> spn-58166-31---dtc-e336-1f.html [68e51bf4220e7.page.xsl]
[07/Oct/2025 07:56:27 America/Denver] [Info] Transformation: spn-24154-31---dtc-5e5a-1f.html -> spn-24154-31---dtc-5e5a-1f.html [68e51bf4220e7.page.xsl]
[07/Oct/2025 07:56:27 America/Denver] [Info] Transformation: spn-58477-31---dtc-e46d-1f.html -> spn-58477-31---dtc-e46d-1f.html [68e51bf4220e7.page.xsl]
[07/Oct/2025 07:56:27 America/Denver] [Info] Transformation: spn-60381-31---dtc-ebdd-1f.html -> spn-60381-31---dtc-ebdd-1f.html [68e51bf4220e7.page.xsl]
[07/Oct/2025 07:56:27 America/Denver] [Info] Transformation: spn-7189-31---dtc-1c15-1f.html -> spn-7189-31---dtc-1c15-1f.html [68e51bf4220e7.page.xsl]
[07/Oct/2025 07:56:27 America/Denver] [Info] Transformation: check-high-pressure-pump-backflow-pressure.html -> check-high-pressure-pump-backflow-pressure.html [68e51bf4220e7.page.xsl]
[07/Oct/2025 07:56:27 America/Denver] [Info] Transformation: spn-26702-31---dtc-684e-1f.html -> spn-26702-31---dtc-684e-1f.html [68e51bf4220e7.page.xsl]
[07/Oct/2025 07:56:27 America/Denver] [Info] Transformation: spn-58678-31---dtc-e536-1f.html -> spn-58678-31---dtc-e536-1f.html [68e51bf4220e7.page.xsl]
[07/Oct/2025 07:56:27 America/Denver] [Info] Transformation: spn-23393-31---dtc-5b61-2f.html -> spn-23393-31---dtc-5b61-2f.html [68e51bf4220e7.page.xsl]
[07/Oct/2025 07:56:27 America/Denver] [Info] Transformation: spn-62623-31---dtc-f49f-1f.html -> spn-62623-31---dtc-f49f-1f.html [68e51bf4220e7.page.xsl]
[07/Oct/2025 07:56:27 America/Denver] [Info] Transformation: spn-8723-31---dtc-2213-1f.html -> spn-8723-31---dtc-2213-1f.html [68e51bf4220e7.page.xsl]
[07/Oct/2025 07:56:27 America/Denver] [Info] Transformation: spn-17358-31---dtc-43ce-1f.html -> spn-17358-31---dtc-43ce-1f.html [68e51bf4220e7.page.xsl]
[07/Oct/2025 07:56:27 America/Denver] [Info] Transformation: elimination-process--udsts-failed--63165.html -> elimination-process--udsts-failed--63165.html [68e51bf4220e7.page.xsl]
[07/Oct/2025 07:56:27 America/Denver] [Info] Transformation: spn-29562-31---dtc-737a-1f.html -> spn-29562-31---dtc-737a-1f.html [68e51bf4220e7.page.xsl]
[07/Oct/2025 07:56:27 America/Denver] [Info] Transformation: spn-62879-31---dtc-f59f-1f.html -> spn-62879-31---dtc-f59f-1f.html [68e51bf4220e7.page.xsl]
[07/Oct/2025 07:56:27 America/Denver] [Info] Transformation: spn-64415-31---dtc-fb9f-1f.html -> spn-64415-31---dtc-fb9f-1f.html [68e51bf4220e7.page.xsl]
[07/Oct/2025 07:56:27 America/Denver] [Info] Transformation: spn-12956-31---dtc-329c-1f.html -> spn-12956-31---dtc-329c-1f.html [68e51bf4220e7.page.xsl]
[07/Oct/2025 07:56:27 America/Denver] [Info] Transformation: spn-38638-31---dtc-96ee-1f.html -> spn-38638-31---dtc-96ee-1f.html [68e51bf4220e7.page.xsl]
[07/Oct/2025 07:56:27 America/Denver] [Info] Transformation: spn-25725-31---dtc-647d-1f.html -> spn-25725-31---dtc-647d-1f.html [68e51bf4220e7.page.xsl]
[07/Oct/2025 07:56:27 America/Denver] [Info] Transformation: spn-37659-31---dtc-931b-1f.html -> spn-37659-31---dtc-931b-1f.html [68e51bf4220e7.page.xsl]
[07/Oct/2025 07:56:27 America/Denver] [Info] Transformation: spn-22294-31---dtc-5716-1f.html -> spn-22294-31---dtc-5716-1f.html [68e51bf4220e7.page.xsl]
[07/Oct/2025 07:56:27 America/Denver] [Info] Transformation: spn-25166-31---dtc-624e-1f.html -> spn-25166-31---dtc-624e-1f.html [68e51bf4220e7.page.xsl]
[07/Oct/2025 07:56:27 America/Denver] [Info] Transformation: spn-37323-31---dtc-91cb-1f.html -> spn-37323-31---dtc-91cb-1f.html [68e51bf4220e7.page.xsl]
[07/Oct/2025 07:56:27 America/Denver] [Info] Transformation: check-suction-pressure-after-pre-filter--fuel-water-separator-.html -> check-suction-pressure-after-pre-filter--fuel-water-separator-.html [68e51bf4220e7.page.xsl]
[07/Oct/2025 07:56:27 America/Denver] [Info] Transformation: spn-57901-31---dtc-e22d-1f.html -> spn-57901-31---dtc-e22d-1f.html [68e51bf4220e7.page.xsl]
[07/Oct/2025 07:56:27 America/Denver] [Info] Transformation: replacing-the-def-supply-module-filter.html -> replacing-the-def-supply-module-filter.html [68e51bf4220e7.page.xsl]
[07/Oct/2025 07:56:27 America/Denver] [Info] Transformation: spn-7894-31---dtc-1ed6-1f.html -> spn-7894-31---dtc-1ed6-1f.html [68e51bf4220e7.page.xsl]
[07/Oct/2025 07:56:27 America/Denver] [Info] Transformation: spn-6490-31---dtc-195a-1f.html -> spn-6490-31---dtc-195a-1f.html [68e51bf4220e7.page.xsl]
[07/Oct/2025 07:56:27 America/Denver] [Info] Transformation: spn-7557-31---dtc-1d85-1f.html -> spn-7557-31---dtc-1d85-1f.html [68e51bf4220e7.page.xsl]
[07/Oct/2025 07:56:27 America/Denver] [Info] Transformation: spn-34714-31---dtc-879a-1f.html -> spn-34714-31---dtc-879a-1f.html [68e51bf4220e7.page.xsl]
[07/Oct/2025 07:56:27 America/Denver] [Info] Transformation: spn-38683-31---dtc-971b-1f.html -> spn-38683-31---dtc-971b-1f.html [68e51bf4220e7.page.xsl]
[07/Oct/2025 07:56:27 America/Denver] [Info] Transformation: spn-9939-31---dtc-26d3-1f.html -> spn-9939-31---dtc-26d3-1f.html [68e51bf4220e7.page.xsl]
[07/Oct/2025 07:56:27 America/Denver] [Info] Transformation: spn-10085-31---dtc-2765-1f.html -> spn-10085-31---dtc-2765-1f.html [68e51bf4220e7.page.xsl]
[07/Oct/2025 07:56:27 America/Denver] [Info] Transformation: spn-59869-31---dtc-e9dd-1f.html -> spn-59869-31---dtc-e9dd-1f.html [68e51bf4220e7.page.xsl]
[07/Oct/2025 07:56:27 America/Denver] [Info] Transformation: spn-17258-31---dtc-436a-1f.html -> spn-17258-31---dtc-436a-1f.html [68e51bf4220e7.page.xsl]
[07/Oct/2025 07:56:27 America/Denver] [Info] Transformation: spn-8678-31---dtc-21e6-1f.html -> spn-8678-31---dtc-21e6-1f.html [68e51bf4220e7.page.xsl]
[07/Oct/2025 07:56:27 America/Denver] [Info] Transformation: spn-31054-31---dtc-794e-1f.html -> spn-31054-31---dtc-794e-1f.html [68e51bf4220e7.page.xsl]
[07/Oct/2025 07:56:27 America/Denver] [Info] Transformation: spn-10010-31---dtc-271a-1f.html -> spn-10010-31---dtc-271a-1f.html [68e51bf4220e7.page.xsl]
[07/Oct/2025 07:56:27 America/Denver] [Info] Transformation: check-fuel-rail-pressure-during-cranking.html -> check-fuel-rail-pressure-during-cranking.html [68e51bf4220e7.page.xsl]
[07/Oct/2025 07:56:27 America/Denver] [Info] Transformation: spn-21270-31---dtc-5316-1f.html -> spn-21270-31---dtc-5316-1f.html [68e51bf4220e7.page.xsl]
[07/Oct/2025 07:56:27 America/Denver] [Info] Transformation: spn-62021-31---dtc-f245-1f.html -> spn-62021-31---dtc-f245-1f.html [68e51bf4220e7.page.xsl]
[07/Oct/2025 07:56:27 America/Denver] [Info] Transformation: spn-9313-31---dtc-2461-1f.html -> spn-9313-31---dtc-2461-1f.html [68e51bf4220e7.page.xsl]
[07/Oct/2025 07:56:27 America/Denver] [Info] Transformation: spn-5725-31---dtc-165d-1f.html -> spn-5725-31---dtc-165d-1f.html [68e51bf4220e7.page.xsl]
[07/Oct/2025 07:56:27 America/Denver] [Info] Transformation: technical-data-for-def-level-and-temperature-sensor--wema-.html -> technical-data-for-def-level-and-temperature-sensor--wema-.html [68e51bf4220e7.page.xsl]
[07/Oct/2025 07:56:27 America/Denver] [Info] Transformation: technical-data-for-exhaust-gas-temperature-sensor.html -> technical-data-for-exhaust-gas-temperature-sensor.html [68e51bf4220e7.page.xsl]
[07/Oct/2025 07:56:27 America/Denver] [Info] Transformation: spn-25126-31---dtc-6226-1f.html -> spn-25126-31---dtc-6226-1f.html [68e51bf4220e7.page.xsl]
[07/Oct/2025 07:56:27 America/Denver] [Info] Transformation: spn-8858-31---dtc-229a-1f.html -> spn-8858-31---dtc-229a-1f.html [68e51bf4220e7.page.xsl]
[07/Oct/2025 07:56:27 America/Denver] [Info] Transformation: spn-16156-31---dtc-3f1c-1f.html -> spn-16156-31---dtc-3f1c-1f.html [68e51bf4220e7.page.xsl]
[07/Oct/2025 07:56:27 America/Denver] [Info] Transformation: spn-58173-31---dtc-e33d-1f.html -> spn-58173-31---dtc-e33d-1f.html [68e51bf4220e7.page.xsl]
[07/Oct/2025 07:56:27 America/Denver] [Info] Transformation: spn-62626-31---dtc-f4a2-1f.html -> spn-62626-31---dtc-f4a2-1f.html [68e51bf4220e7.page.xsl]
[07/Oct/2025 07:56:27 America/Denver] [Info] Transformation: technical-data-for-coolant-control-valve.html -> technical-data-for-coolant-control-valve.html [68e51bf4220e7.page.xsl]
[07/Oct/2025 07:56:27 America/Denver] [Info] Transformation: spn-63650-31---dtc-f8a2-1f.html -> spn-63650-31---dtc-f8a2-1f.html [68e51bf4220e7.page.xsl]
[07/Oct/2025 07:56:27 America/Denver] [Info] Transformation: spn-59933-31---dtc-ea1d-1f.html -> spn-59933-31---dtc-ea1d-1f.html [68e51bf4220e7.page.xsl]
[07/Oct/2025 07:56:27 America/Denver] [Info] Transformation: spn-33978-31---dtc-84ba-1f.html -> spn-33978-31---dtc-84ba-1f.html [68e51bf4220e7.page.xsl]
[07/Oct/2025 07:56:27 America/Denver] [Info] Transformation: spn-12090-31---dtc-2f3a-1f.html -> spn-12090-31---dtc-2f3a-1f.html [68e51bf4220e7.page.xsl]
[07/Oct/2025 07:56:27 America/Denver] [Info] Transformation: elimination-process--udsts-failed--63163.html -> elimination-process--udsts-failed--63163.html [68e51bf4220e7.page.xsl]
[07/Oct/2025 07:56:27 America/Denver] [Info] Transformation: spn-12890-31---dtc-325a-1f.html -> spn-12890-31---dtc-325a-1f.html [68e51bf4220e7.page.xsl]
[07/Oct/2025 07:56:27 America/Denver] [Info] Transformation: spn-57998-31---dtc-e28e-1f.html -> spn-57998-31---dtc-e28e-1f.html [68e51bf4220e7.page.xsl]
[07/Oct/2025 07:56:27 America/Denver] [Info] Transformation: -14249.html -> -14249.html [68e51bf4220e7.page.xsl]
[07/Oct/2025 07:56:27 America/Denver] [Info] Transformation: spn-63391-31---dtc-f79f-1f.html -> spn-63391-31---dtc-f79f-1f.html [68e51bf4220e7.page.xsl]
[07/Oct/2025 07:56:27 America/Denver] [Info] Transformation: spn-22170-31---dtc-569a-1f.html -> spn-22170-31---dtc-569a-1f.html [68e51bf4220e7.page.xsl]
[07/Oct/2025 07:56:27 America/Denver] [Info] Transformation: spn-32090-31---dtc-7d5a-1f.html -> spn-32090-31---dtc-7d5a-1f.html [68e51bf4220e7.page.xsl]
[07/Oct/2025 07:56:27 America/Denver] [Info] Transformation: intermittent-fault-process--udsts-passed--63162.html -> intermittent-fault-process--udsts-passed--63162.html [68e51bf4220e7.page.xsl]
[07/Oct/2025 07:56:27 America/Denver] [Info] Transformation: spn-7126-31---dtc-1bd6-1f.html -> spn-7126-31---dtc-1bd6-1f.html [68e51bf4220e7.page.xsl]
[07/Oct/2025 07:56:27 America/Denver] [Info] Transformation: spn-60726-31---dtc-ed36-1f.html -> spn-60726-31---dtc-ed36-1f.html [68e51bf4220e7.page.xsl]
[07/Oct/2025 07:56:27 America/Denver] [Info] Transformation: spn-57917-31---dtc-e23d-1f.html -> spn-57917-31---dtc-e23d-1f.html [68e51bf4220e7.page.xsl]
[07/Oct/2025 07:56:27 America/Denver] [Info] Transformation: spn-33570-31---dtc-8322-1f.html -> spn-33570-31---dtc-8322-1f.html [68e51bf4220e7.page.xsl]
[07/Oct/2025 07:56:27 America/Denver] [Info] Transformation: spn-62191-31---dtc-f2ef-1f.html -> spn-62191-31---dtc-f2ef-1f.html [68e51bf4220e7.page.xsl]
[07/Oct/2025 07:56:27 America/Denver] [Info] Transformation: spn-64447-31---dtc-fbbf-1f.html -> spn-64447-31---dtc-fbbf-1f.html [68e51bf4220e7.page.xsl]
[07/Oct/2025 07:56:28 America/Denver] [Info] Transformation: technical-data-for-def-dosing-module--bosch-2-2-and-2-5-.html -> technical-data-for-def-dosing-module--bosch-2-2-and-2-5-.html [68e51bf4220e7.page.xsl]
[07/Oct/2025 07:56:28 America/Denver] [Info] Transformation: spn-60126-31---dtc-eade-1f.html -> spn-60126-31---dtc-eade-1f.html [68e51bf4220e7.page.xsl]
[07/Oct/2025 07:56:28 America/Denver] [Info] Transformation: spn-17509-31---dtc-4465-1f.html -> spn-17509-31---dtc-4465-1f.html [68e51bf4220e7.page.xsl]
[07/Oct/2025 07:56:28 America/Denver] [Info] Transformation: spn-17998-31---dtc-464e-1f.html -> spn-17998-31---dtc-464e-1f.html [68e51bf4220e7.page.xsl]
[07/Oct/2025 07:56:28 America/Denver] [Info] Transformation: spn-8801-31---dtc-2261-1f.html -> spn-8801-31---dtc-2261-1f.html [68e51bf4220e7.page.xsl]
[07/Oct/2025 07:56:28 America/Denver] [Info] Transformation: spn-13386-31---dtc-344a-1f.html -> spn-13386-31---dtc-344a-1f.html [68e51bf4220e7.page.xsl]
[07/Oct/2025 07:56:28 America/Denver] [Info] Transformation: spn-65183-31--dtc-fe9f-1f.html -> spn-65183-31--dtc-fe9f-1f.html [68e51bf4220e7.page.xsl]
[07/Oct/2025 07:56:28 America/Denver] [Info] Transformation: spn-63542-31---dtc-f836-1f.html -> spn-63542-31---dtc-f836-1f.html [68e51bf4220e7.page.xsl]
[07/Oct/2025 07:56:28 America/Denver] [Info] Transformation: index.html -> index.html [68e51bf4220e7.page.xsl]
[07/Oct/2025 07:56:28 America/Denver] [Info] Transformation: spn-41838-31---dtc-a36e-1f.html -> spn-41838-31---dtc-a36e-1f.html [68e51bf4220e7.page.xsl]
[07/Oct/2025 07:56:28 America/Denver] [Info] Transformation: -4237.html -> -4237.html [68e51bf4220e7.page.xsl]
[07/Oct/2025 07:56:28 America/Denver] [Info] Transformation: spn-63011-31---dtc-f623-1f.html -> spn-63011-31---dtc-f623-1f.html [68e51bf4220e7.page.xsl]
[07/Oct/2025 07:56:28 America/Denver] [Info] Transformation: spn-62817-31---dtc-f561-1f.html -> spn-62817-31---dtc-f561-1f.html [68e51bf4220e7.page.xsl]
[07/Oct/2025 07:56:28 America/Denver] [Info] Transformation: spn-63135-31---dtc-f69f-1f.html -> spn-63135-31---dtc-f69f-1f.html [68e51bf4220e7.page.xsl]
[07/Oct/2025 07:56:28 America/Denver] [Info] Transformation: spn-34716-31---dtc-879c-1f.html -> spn-34716-31---dtc-879c-1f.html [68e51bf4220e7.page.xsl]
[07/Oct/2025 07:56:28 America/Denver] [Info] Transformation: spn-64239-31---dtc-faef-1f.html -> spn-64239-31---dtc-faef-1f.html [68e51bf4220e7.page.xsl]
[07/Oct/2025 07:56:28 America/Denver] [Info] Transformation: spn-30589-31---dtc-777d-1f.html -> spn-30589-31---dtc-777d-1f.html [68e51bf4220e7.page.xsl]
[07/Oct/2025 07:56:28 America/Denver] [Info] Transformation: spn-9582-31---dtc-256e-1f.html -> spn-9582-31---dtc-256e-1f.html [68e51bf4220e7.page.xsl]
[07/Oct/2025 07:56:28 America/Denver] [Info] Transformation: spn-26150-31---dtc-6626-1f.html -> spn-26150-31---dtc-6626-1f.html [68e51bf4220e7.page.xsl]
[07/Oct/2025 07:56:28 America/Denver] [Info] Transformation: spn-5477-31---dtc-1565-1f.html -> spn-5477-31---dtc-1565-1f.html [68e51bf4220e7.page.xsl]
[07/Oct/2025 07:56:28 America/Denver] [Info] Transformation: spn-59677-31---dtc-e91d-1f.html -> spn-59677-31---dtc-e91d-1f.html [68e51bf4220e7.page.xsl]
[07/Oct/2025 07:56:28 America/Denver] [Info] Transformation: dosing-module-soaking-procedure.html -> dosing-module-soaking-procedure.html [68e51bf4220e7.page.xsl]
[07/Oct/2025 07:56:28 America/Denver] [Info] Transformation: check-the-engine-speed-adjustment.html -> check-the-engine-speed-adjustment.html [68e51bf4220e7.page.xsl]
[07/Oct/2025 07:56:28 America/Denver] [Info] Transformation: spn-37579-31---dtc-92cb-1f.html -> spn-37579-31---dtc-92cb-1f.html [68e51bf4220e7.page.xsl]
[07/Oct/2025 07:56:28 America/Denver] [Info] Transformation: index-en.html -> index-en.html [68e51bf4220e7.page.xsl]
[07/Oct/2025 07:56:28 America/Denver] [Info] Transformation: spn-31778-31---dtc-7c22-1f.html -> spn-31778-31---dtc-7c22-1f.html [68e51bf4220e7.page.xsl]
[07/Oct/2025 07:56:28 America/Denver] [Info] Transformation: spn-60957-31---dtc-ee1d-1f.html -> spn-60957-31---dtc-ee1d-1f.html [68e51bf4220e7.page.xsl]
[07/Oct/2025 07:56:28 America/Denver] [Info] Transformation: check-the-turbo-system.html -> check-the-turbo-system.html [68e51bf4220e7.page.xsl]
[07/Oct/2025 07:56:28 America/Denver] [Info] Transformation: spn-59181-31---dtc-e72d-1f.html -> spn-59181-31---dtc-e72d-1f.html [68e51bf4220e7.page.xsl]
[07/Oct/2025 07:56:28 America/Denver] [Info] Transformation: spn-62447-31---dtc-f3ef-1f.html -> spn-62447-31---dtc-f3ef-1f.html [68e51bf4220e7.page.xsl]
[07/Oct/2025 07:56:28 America/Denver] [Info] Transformation: spn-4579-31---dtc-11e3-1f.html -> spn-4579-31---dtc-11e3-1f.html [68e51bf4220e7.page.xsl]
[07/Oct/2025 07:56:28 America/Denver] [Info] Transformation: spn-58717-31---dtc-e55d-1f.html -> spn-58717-31---dtc-e55d-1f.html [68e51bf4220e7.page.xsl]
[07/Oct/2025 07:56:28 America/Denver] [Info] Transformation: spn-14124-31---dtc-372c-1f.html -> spn-14124-31---dtc-372c-1f.html [68e51bf4220e7.page.xsl]
[07/Oct/2025 07:56:28 America/Denver] [Info] Transformation: check-the-exhaust-flap.html -> check-the-exhaust-flap.html [68e51bf4220e7.page.xsl]
[07/Oct/2025 07:56:28 America/Denver] [Info] Transformation: spn-14539-31---dtc-38cb-1f.html -> spn-14539-31---dtc-38cb-1f.html [68e51bf4220e7.page.xsl]
[07/Oct/2025 07:56:28 America/Denver] [Info] Transformation: spn-13074-31---dtc-3312-1f.html -> spn-13074-31---dtc-3312-1f.html [68e51bf4220e7.page.xsl]
[07/Oct/2025 07:56:28 America/Denver] [Info] Transformation: spn-6218-31---dtc-184a-1f.html -> spn-6218-31---dtc-184a-1f.html [68e51bf4220e7.page.xsl]
[07/Oct/2025 07:56:28 America/Denver] [Info] Transformation: spn-6730-31---dtc-1a4a-1f.html -> spn-6730-31---dtc-1a4a-1f.html [68e51bf4220e7.page.xsl]
[07/Oct/2025 07:56:28 America/Denver] [Info] Transformation: spn-61935-31---dtc-f1ef-1f.html -> spn-61935-31---dtc-f1ef-1f.html [68e51bf4220e7.page.xsl]
[07/Oct/2025 07:56:28 America/Denver] [Info] Transformation: spn-63903-31---dtc-f99f-1f.html -> spn-63903-31---dtc-f99f-1f.html [68e51bf4220e7.page.xsl]
[07/Oct/2025 07:56:28 America/Denver] [Info] Transformation: spn-29242-31---dtc-723a-1f.html -> spn-29242-31---dtc-723a-1f.html [68e51bf4220e7.page.xsl]
[07/Oct/2025 07:56:28 America/Denver] [Info] Transformation: -27557.html -> -27557.html [68e51bf4220e7.page.xsl]
[07/Oct/2025 07:56:28 America/Denver] [Info] Transformation: spn-64191-31---dtc-fabf-1f.html -> spn-64191-31---dtc-fabf-1f.html [68e51bf4220e7.page.xsl]
[07/Oct/2025 07:56:28 America/Denver] [Info] Transformation: spn-26237-31---dtc-667d-1f.html -> spn-26237-31---dtc-667d-1f.html [68e51bf4220e7.page.xsl]
[07/Oct/2025 07:56:28 America/Denver] [Info] Transformation: spn-14318-31---dtc-37ee-1f.html -> spn-14318-31---dtc-37ee-1f.html [68e51bf4220e7.page.xsl]
[07/Oct/2025 07:56:28 America/Denver] [Info] Transformation: check-the-ecu-parameters-reading.html -> check-the-ecu-parameters-reading.html [68e51bf4220e7.page.xsl]
[07/Oct/2025 07:56:28 America/Denver] [Info] Transformation: black-white-smoke-in-the-exhaust.html -> black-white-smoke-in-the-exhaust.html [68e51bf4220e7.page.xsl]
[07/Oct/2025 07:56:28 America/Denver] [Info] Transformation: catastrophic-failure.html -> catastrophic-failure.html [68e51bf4220e7.page.xsl]
[07/Oct/2025 07:56:28 America/Denver] [Info] Transformation: check-high-pressure-pump-backflow-rate.html -> check-high-pressure-pump-backflow-rate.html [68e51bf4220e7.page.xsl]
[07/Oct/2025 07:56:28 America/Denver] [Info] Transformation: spn-63471-31---dtc-f7ef-1f.html -> spn-63471-31---dtc-f7ef-1f.html [68e51bf4220e7.page.xsl]
[07/Oct/2025 07:56:28 America/Denver] [Info] Transformation: -4236.html -> -4236.html [68e51bf4220e7.page.xsl]
[07/Oct/2025 07:56:28 America/Denver] [Info] Transformation: spn-37147-31---dtc-911b-1f.html -> spn-37147-31---dtc-911b-1f.html [68e51bf4220e7.page.xsl]
[07/Oct/2025 07:56:28 America/Denver] [Info] Transformation: spn-57710-31---dtc-e16e-1f.html -> spn-57710-31---dtc-e16e-1f.html [68e51bf4220e7.page.xsl]
[07/Oct/2025 07:56:28 America/Denver] [Info] Transformation: spn-60125-31---dtc-eadd-1f.html -> spn-60125-31---dtc-eadd-1f.html [68e51bf4220e7.page.xsl]
[07/Oct/2025 07:56:28 America/Denver] [Info] Transformation: spn-18076-31---dtc-469c-1f.html -> spn-18076-31---dtc-469c-1f.html [68e51bf4220e7.page.xsl]
[07/Oct/2025 07:56:28 America/Denver] [Info] Transformation: spn-57709-31---dtc-e16d-1f.html -> spn-57709-31---dtc-e16d-1f.html [68e51bf4220e7.page.xsl]
[07/Oct/2025 07:56:28 America/Denver] [Info] Transformation: spn-64911-31---dtc-fd8f-1f.html -> spn-64911-31---dtc-fd8f-1f.html [68e51bf4220e7.page.xsl]
[07/Oct/2025 07:56:28 America/Denver] [Info] Transformation: spn-15534-31---dtc-3cae-1f.html -> spn-15534-31---dtc-3cae-1f.html [68e51bf4220e7.page.xsl]
[07/Oct/2025 07:56:28 America/Denver] [Info] Transformation: intermittent-fault-process--udsts-passed--63166.html -> intermittent-fault-process--udsts-passed--63166.html [68e51bf4220e7.page.xsl]
[07/Oct/2025 07:56:28 America/Denver] [Info] Transformation: technical-data-for-def-supply-module--bosch-2-2-.html -> technical-data-for-def-supply-module--bosch-2-2-.html [68e51bf4220e7.page.xsl]
[07/Oct/2025 07:56:28 America/Denver] [Info] Transformation: spn-38251-31---dtc-956b-1f.html -> spn-38251-31---dtc-956b-1f.html [68e51bf4220e7.page.xsl]
[07/Oct/2025 07:56:28 America/Denver] [Info] Transformation: spn-31329-31---dtc-7a61-1f.html -> spn-31329-31---dtc-7a61-1f.html [68e51bf4220e7.page.xsl]
[07/Oct/2025 07:56:28 America/Denver] [Info] Transformation: spn-57638-31---dtc-e126-1f.html -> spn-57638-31---dtc-e126-1f.html [68e51bf4220e7.page.xsl]
[07/Oct/2025 07:56:28 America/Denver] [Info] Transformation: spn-63935-31---dtc-f9bf-1f.html -> spn-63935-31---dtc-f9bf-1f.html [68e51bf4220e7.page.xsl]
[07/Oct/2025 07:56:28 America/Denver] [Info] Transformation: spn-59293-31---dtc-e79d-1f.html -> spn-59293-31---dtc-e79d-1f.html [68e51bf4220e7.page.xsl]
[07/Oct/2025 07:56:28 America/Denver] [Info] Transformation: technical-data-for-def-quality-sensor.html -> technical-data-for-def-quality-sensor.html [68e51bf4220e7.page.xsl]
[07/Oct/2025 07:56:28 America/Denver] [Info] Transformation: spn-59197-31---dtc-e73d-1f.html -> spn-59197-31---dtc-e73d-1f.html [68e51bf4220e7.page.xsl]
[07/Oct/2025 07:56:28 America/Denver] [Info] Transformation: spn-16914-31---dtc-4212-1f.html -> spn-16914-31---dtc-4212-1f.html [68e51bf4220e7.page.xsl]
[07/Oct/2025 07:56:28 America/Denver] [Info] Transformation: technical-data-for-nox-sensor.html -> technical-data-for-nox-sensor.html [68e51bf4220e7.page.xsl]
[07/Oct/2025 07:56:28 America/Denver] [Info] Transformation: spn-61839-31---dtc-f18f-1f.html -> spn-61839-31---dtc-f18f-1f.html [68e51bf4220e7.page.xsl]
[07/Oct/2025 07:56:28 America/Denver] [Info] Transformation: spn-60637-31---dtc-ecdd-1f.html -> spn-60637-31---dtc-ecdd-1f.html [68e51bf4220e7.page.xsl]
[07/Oct/2025 07:56:28 America/Denver] [Info] Transformation: spn-57853-31---dtc-e1fd-1f.html -> spn-57853-31---dtc-e1fd-1f.html [68e51bf4220e7.page.xsl]
[07/Oct/2025 07:56:28 America/Denver] [Info] Transformation: spn-31869-31---dtc-7c7d-1f.html -> spn-31869-31---dtc-7c7d-1f.html [68e51bf4220e7.page.xsl]
[07/Oct/2025 07:56:28 America/Denver] [Info] Transformation: spn-27426-31---dtc-6b22-1f.html -> spn-27426-31---dtc-6b22-1f.html [68e51bf4220e7.page.xsl]
[07/Oct/2025 07:56:28 America/Denver] [Info] Transformation: supply-module-duty-cycle-and-pressure-test.html -> supply-module-duty-cycle-and-pressure-test.html [68e51bf4220e7.page.xsl]
[07/Oct/2025 07:56:28 America/Denver] [Info] Transformation: check-the-intake-air-system.html -> check-the-intake-air-system.html [68e51bf4220e7.page.xsl]
[07/Oct/2025 07:56:28 America/Denver] [Info] Transformation: spn-13642-31---dtc-354a-1f.html -> spn-13642-31---dtc-354a-1f.html [68e51bf4220e7.page.xsl]
[07/Oct/2025 07:56:28 America/Denver] [Info] Transformation: def-defrost-mode-for-aftertreatment-diagnosis.html -> def-defrost-mode-for-aftertreatment-diagnosis.html [68e51bf4220e7.page.xsl]
[07/Oct/2025 07:56:28 America/Denver] [Info] Transformation: spn-9332-31---dtc-2474-1f.html -> spn-9332-31---dtc-2474-1f.html [68e51bf4220e7.page.xsl]
[07/Oct/2025 07:56:28 America/Denver] [Info] Transformation: spn-25382-31---dtc-6326-1f.html -> spn-25382-31---dtc-6326-1f.html [68e51bf4220e7.page.xsl]
[07/Oct/2025 07:56:28 America/Denver] [Info] Transformation: spn-62079-31---dtc-f27f-1f.html -> spn-62079-31---dtc-f27f-1f.html [68e51bf4220e7.page.xsl]
[07/Oct/2025 07:56:28 America/Denver] [Info] Transformation: spn-39099-31---dtc-98bb-1f.html -> spn-39099-31---dtc-98bb-1f.html [68e51bf4220e7.page.xsl]
[07/Oct/2025 07:56:28 America/Denver] [Info] Transformation: spn-60701-31---dtc-ed1d-1f.html -> spn-60701-31---dtc-ed1d-1f.html [68e51bf4220e7.page.xsl]
[07/Oct/2025 07:56:28 America/Denver] [Info] Transformation: spn-25722-31---dtc-647a-1f.html -> spn-25722-31---dtc-647a-1f.html [68e51bf4220e7.page.xsl]
[07/Oct/2025 07:56:28 America/Denver] [Info] Transformation: spn-58333-31---dtc-e3dd-1f.html -> spn-58333-31---dtc-e3dd-1f.html [68e51bf4220e7.page.xsl]
[07/Oct/2025 07:56:28 America/Denver] [Info] Transformation: spn-63215-31---dtc-f6ef-1f.html -> spn-63215-31---dtc-f6ef-1f.html [68e51bf4220e7.page.xsl]
[07/Oct/2025 07:56:28 America/Denver] [Info] Transformation: oil-leaking-from-compressor-outlet.html -> oil-leaking-from-compressor-outlet.html [68e51bf4220e7.page.xsl]
[07/Oct/2025 07:56:28 America/Denver] [Info] Transformation: spn-29518-31---dtc-734e-1f.html -> spn-29518-31---dtc-734e-1f.html [68e51bf4220e7.page.xsl]
[07/Oct/2025 07:56:28 America/Denver] [Info] Transformation: spn-57661-31---dtc-e13d-1f.html -> spn-57661-31---dtc-e13d-1f.html [68e51bf4220e7.page.xsl]
[07/Oct/2025 07:56:28 America/Denver] [Info] Transformation: spn-58141-31---dtc-e31d-1f.html -> spn-58141-31---dtc-e31d-1f.html [68e51bf4220e7.page.xsl]
[07/Oct/2025 07:56:28 America/Denver] [Info] Transformation: spn-12702-31---dtc-319e-1f.html -> spn-12702-31---dtc-319e-1f.html [68e51bf4220e7.page.xsl]
[07/Oct/2025 07:56:28 America/Denver] [Info] Transformation: spn-19332-31---dtc-4b84-1f.html -> spn-19332-31---dtc-4b84-1f.html [68e51bf4220e7.page.xsl]
[07/Oct/2025 07:56:28 America/Denver] [Info] Transformation: spn-26406-31---dtc-6726-1f.html -> spn-26406-31---dtc-6726-1f.html [68e51bf4220e7.page.xsl]
[07/Oct/2025 07:56:28 America/Denver] [Info] Transformation: spn-8997-31---dtc-2325-1f.html -> spn-8997-31---dtc-2325-1f.html [68e51bf4220e7.page.xsl]
[07/Oct/2025 07:56:28 America/Denver] [Info] Transformation: spn-25018-31---dtc-61ba-1f.html -> spn-25018-31---dtc-61ba-1f.html [68e51bf4220e7.page.xsl]
[07/Oct/2025 07:56:28 America/Denver] [Info] Transformation: spn-63138-31---dtc-f6a2-1f.html -> spn-63138-31---dtc-f6a2-1f.html [68e51bf4220e7.page.xsl]
[07/Oct/2025 07:56:28 America/Denver] [Info] Transformation: diagnostic-tools--pt-box-and-logon-.html -> diagnostic-tools--pt-box-and-logon-.html [68e51bf4220e7.page.xsl]
[07/Oct/2025 07:56:28 America/Denver] [Info] Transformation: spn-11062-31---dtc-2b36-1f.html -> spn-11062-31---dtc-2b36-1f.html [68e51bf4220e7.page.xsl]
[07/Oct/2025 07:56:28 America/Denver] [Info] Transformation: spn-15644-31---dtc-3d1c-1f.html -> spn-15644-31---dtc-3d1c-1f.html [68e51bf4220e7.page.xsl]
[07/Oct/2025 07:56:28 America/Denver] [Info] Transformation: spn-59357-31---dtc-e7dd-1f.html -> spn-59357-31---dtc-e7dd-1f.html [68e51bf4220e7.page.xsl]
[07/Oct/2025 07:56:28 America/Denver] [Info] Transformation: spn-15205-31---dtc-3b65-1f.html -> spn-15205-31---dtc-3b65-1f.html [68e51bf4220e7.page.xsl]
[07/Oct/2025 07:56:28 America/Denver] [Info] Transformation: spn-10077-31---dtc-275d-1f.html -> spn-10077-31---dtc-275d-1f.html [68e51bf4220e7.page.xsl]
[07/Oct/2025 07:56:28 America/Denver] [Info] Transformation: spn-39594-31---dtc-9aaa-1f.html -> spn-39594-31---dtc-9aaa-1f.html [68e51bf4220e7.page.xsl]
[07/Oct/2025 07:56:28 America/Denver] [Info] Transformation: spn-64340-31---dtc-fb54-1f.html -> spn-64340-31---dtc-fb54-1f.html [68e51bf4220e7.page.xsl]
[07/Oct/2025 07:56:28 America/Denver] [Info] Transformation: elimination-process--udsts-failed--63167.html -> elimination-process--udsts-failed--63167.html [68e51bf4220e7.page.xsl]
[07/Oct/2025 07:56:28 America/Denver] [Info] Transformation: spn-15802-31---dtc-3dba-1f.html -> spn-15802-31---dtc-3dba-1f.html [68e51bf4220e7.page.xsl]
[07/Oct/2025 07:56:28 America/Denver] [Info] Transformation: spn-58925-31---dtc-e62d-1f.html -> spn-58925-31---dtc-e62d-1f.html [68e51bf4220e7.page.xsl]
[07/Oct/2025 07:56:28 America/Denver] [Info] Transformation: spn-10649-31---dtc-2999-1f.html -> spn-10649-31---dtc-2999-1f.html [68e51bf4220e7.page.xsl]
[07/Oct/2025 07:56:28 America/Denver] [Info] Transformation: spn-36698-31---dtc-8f5a-1f.html -> spn-36698-31---dtc-8f5a-1f.html [68e51bf4220e7.page.xsl]
[07/Oct/2025 07:56:28 America/Denver] [Info] Transformation: spn-26402-31---dtc-6722-1f.html -> spn-26402-31---dtc-6722-1f.html [68e51bf4220e7.page.xsl]
[07/Oct/2025 07:56:29 America/Denver] [Info] Transformation: spn-12700-31---dtc-319c-1f.html -> spn-12700-31---dtc-319c-1f.html [68e51bf4220e7.page.xsl]
[07/Oct/2025 07:56:29 America/Denver] [Info] Transformation: spn-30077-31---dtc-757d-1f.html -> spn-30077-31---dtc-757d-1f.html [68e51bf4220e7.page.xsl]
[07/Oct/2025 07:56:29 America/Denver] [Info] Transformation: test-the-exhaust-gas-temperature-sensor.html -> test-the-exhaust-gas-temperature-sensor.html [68e51bf4220e7.page.xsl]
[07/Oct/2025 07:56:29 America/Denver] [Info] Transformation: test-the-def-quality-system.html -> test-the-def-quality-system.html [68e51bf4220e7.page.xsl]
[07/Oct/2025 07:56:29 America/Denver] [Info] Transformation: spn-11738-31---dtc-2dda-1f.html -> spn-11738-31---dtc-2dda-1f.html [68e51bf4220e7.page.xsl]
[07/Oct/2025 07:56:29 America/Denver] [Info] Transformation: spn-6355-31---dtc-18d3-1f.html -> spn-6355-31---dtc-18d3-1f.html [68e51bf4220e7.page.xsl]
[07/Oct/2025 07:56:29 America/Denver] [Info] Transformation: spn-42606-31---dtc-a66e-1f.html -> spn-42606-31---dtc-a66e-1f.html [68e51bf4220e7.page.xsl]
[07/Oct/2025 07:56:29 America/Denver] [Info] Transformation: spn-5546-31---dtc-15aa-1f.html -> spn-5546-31---dtc-15aa-1f.html [68e51bf4220e7.page.xsl]
[07/Oct/2025 07:56:29 America/Denver] [Info] Transformation: spn-6297-31---dtc-1899-1f.html -> spn-6297-31---dtc-1899-1f.html [68e51bf4220e7.page.xsl]
[07/Oct/2025 07:56:29 America/Denver] [Info] Transformation: spn-58510-31---dtc-e48e-1f.html -> spn-58510-31---dtc-e48e-1f.html [68e51bf4220e7.page.xsl]
[07/Oct/2025 07:56:29 America/Denver] [Info] Transformation: test-the-coolant-control-valve.html -> test-the-coolant-control-valve.html [68e51bf4220e7.page.xsl]
[07/Oct/2025 07:56:29 America/Denver] [Info] Transformation: spn-33594-31---dtc-833a-1f.html -> spn-33594-31---dtc-833a-1f.html [68e51bf4220e7.page.xsl]
[07/Oct/2025 07:56:29 America/Denver] [Info] Transformation: spn-19934-31---dtc-4dde-1f.html -> spn-19934-31---dtc-4dde-1f.html [68e51bf4220e7.page.xsl]
[07/Oct/2025 07:56:29 America/Denver] [Info] Transformation: -8048.html -> -8048.html [68e51bf4220e7.page.xsl]
[07/Oct/2025 07:56:29 America/Denver] [Info] Transformation: oil-leaking-from-turbine-outlet.html -> oil-leaking-from-turbine-outlet.html [68e51bf4220e7.page.xsl]
[07/Oct/2025 07:56:29 America/Denver] [Info] Transformation: spn-17429-31---dtc-4415-1f.html -> spn-17429-31---dtc-4415-1f.html [68e51bf4220e7.page.xsl]
[07/Oct/2025 07:56:29 America/Denver] [Info] Transformation: spn-38171-31---dtc-951b-1f.html -> spn-38171-31---dtc-951b-1f.html [68e51bf4220e7.page.xsl]
[07/Oct/2025 07:56:29 America/Denver] [Info] Transformation: spn-4645-31---dtc-1225-1f.html -> spn-4645-31---dtc-1225-1f.html [68e51bf4220e7.page.xsl]
[07/Oct/2025 07:56:29 America/Denver] [Info] Transformation: spn-62277-31---dtc-f345-1f.html -> spn-62277-31---dtc-f345-1f.html [68e51bf4220e7.page.xsl]
[07/Oct/2025 07:56:29 America/Denver] [Info] Transformation: spn-26197-31---dtc-6655-1f.html -> spn-26197-31---dtc-6655-1f.html [68e51bf4220e7.page.xsl]
[07/Oct/2025 07:56:29 America/Denver] [Info] Transformation: spn-60382-31---dtc-ebde-1f.html -> spn-60382-31---dtc-ebde-1f.html [68e51bf4220e7.page.xsl]
[07/Oct/2025 07:56:29 America/Denver] [Info] Transformation: spn-14574-31---dtc-38ee-1f.html -> spn-14574-31---dtc-38ee-1f.html [68e51bf4220e7.page.xsl]
[07/Oct/2025 07:56:29 America/Denver] [Info] Transformation: spn-62755-31---dtc-f523-1f.html -> spn-62755-31---dtc-f523-1f.html [68e51bf4220e7.page.xsl]
[07/Oct/2025 07:56:29 America/Denver] [Info] Transformation: check-the-cooling-system.html -> check-the-cooling-system.html [68e51bf4220e7.page.xsl]
[07/Oct/2025 07:56:29 America/Denver] [Info] Transformation: spn-59410-31---dtc-e812-1f.html -> spn-59410-31---dtc-e812-1f.html [68e51bf4220e7.page.xsl]
[07/Oct/2025 07:56:29 America/Denver] [Info] Transformation: spn-40588-31---dtc-9e8c-1f.html -> spn-40588-31---dtc-9e8c-1f.html [68e51bf4220e7.page.xsl]
[07/Oct/2025 07:56:29 America/Denver] [Info] Transformation: check-grid-heater-activation.html -> check-grid-heater-activation.html [68e51bf4220e7.page.xsl]
[07/Oct/2025 07:56:29 America/Denver] [Info] Transformation: spn-62882-31---dtc-f5a2-1f.html -> spn-62882-31---dtc-f5a2-1f.html [68e51bf4220e7.page.xsl]
[07/Oct/2025 07:56:29 America/Denver] [Info] Transformation: -4228.html -> -4228.html [68e51bf4220e7.page.xsl]
[07/Oct/2025 07:56:29 America/Denver] [Info] Transformation: spn-22550-31---dtc-5816-1f.html -> spn-22550-31---dtc-5816-1f.html [68e51bf4220e7.page.xsl]
[07/Oct/2025 07:56:29 America/Denver] [Info] Transformation: spn-6245-31---dtc-1865-1f.html -> spn-6245-31---dtc-1865-1f.html [68e51bf4220e7.page.xsl]
[07/Oct/2025 07:56:29 America/Denver] [Info] Transformation: spn-20826-31---dtc-515a-1f.html -> spn-20826-31---dtc-515a-1f.html [68e51bf4220e7.page.xsl]
[07/Oct/2025 07:56:29 America/Denver] [Info] Transformation: spn-28950-31---dtc-7116-1f.html -> spn-28950-31---dtc-7116-1f.html [68e51bf4220e7.page.xsl]
[07/Oct/2025 07:56:29 America/Denver] [Info] Transformation: spn-17682-31---dtc-4512-1f.html -> spn-17682-31---dtc-4512-1f.html [68e51bf4220e7.page.xsl]
[07/Oct/2025 07:56:29 America/Denver] [Info] Transformation: spn-62533-31---dtc-f445-1f.html -> spn-62533-31---dtc-f445-1f.html [68e51bf4220e7.page.xsl]
[07/Oct/2025 07:56:29 America/Denver] [Info] Transformation: spn-12246-31---dtc-2fd6-1f.html -> spn-12246-31---dtc-2fd6-1f.html [68e51bf4220e7.page.xsl]
[07/Oct/2025 07:56:29 America/Denver] [Info] Transformation: spn-58221-31---dtc-e36d-1f.html -> spn-58221-31---dtc-e36d-1f.html [68e51bf4220e7.page.xsl]
[07/Oct/2025 07:56:29 America/Denver] [Info] Transformation: spn-59437-31---dtc-e82d-1f.html -> spn-59437-31---dtc-e82d-1f.html [68e51bf4220e7.page.xsl]
[07/Oct/2025 07:56:29 America/Denver] [Info] Transformation: spn-30037-31---dtc-7555-1f.html -> spn-30037-31---dtc-7555-1f.html [68e51bf4220e7.page.xsl]
[07/Oct/2025 07:56:29 America/Denver] [Info] Transformation: urea-dosing-system-test--udst-.html -> urea-dosing-system-test--udst-.html [68e51bf4220e7.page.xsl]
[07/Oct/2025 07:56:29 America/Denver] [Info] Transformation: spn-17426-31---dtc-4412-1f.html -> spn-17426-31---dtc-4412-1f.html [68e51bf4220e7.page.xsl]
[07/Oct/2025 07:56:29 America/Denver] [Info] Transformation: spn-4445-31---dtc-115d-1f.html -> spn-4445-31---dtc-115d-1f.html [68e51bf4220e7.page.xsl]
[07/Oct/2025 07:56:29 America/Denver] [Info] Transformation: spn-27066-31---dtc-69ba-1f.html -> spn-27066-31---dtc-69ba-1f.html [68e51bf4220e7.page.xsl]
[07/Oct/2025 07:56:29 America/Denver] [Info] Transformation: spn-27738-31---dtc-6c5a-1f.html -> spn-27738-31---dtc-6c5a-1f.html [68e51bf4220e7.page.xsl]
[07/Oct/2025 07:56:29 America/Denver] [Info] Transformation: spn-10570-31---dtc-294a-1f.html -> spn-10570-31---dtc-294a-1f.html [68e51bf4220e7.page.xsl]
[07/Oct/2025 07:56:29 America/Denver] [Info] Transformation: spn-30754-31---dtc-7822-1f.html -> spn-30754-31---dtc-7822-1f.html [68e51bf4220e7.page.xsl]
[07/Oct/2025 07:56:29 America/Denver] [Info] Transformation: spn-65439-31---dtc-ff9f-1f.html -> spn-65439-31---dtc-ff9f-1f.html [68e51bf4220e7.page.xsl]
[07/Oct/2025 07:56:29 America/Denver] [Info] Transformation: spn-39803-31---dtc-9b7b-1f.html -> spn-39803-31---dtc-9b7b-1f.html [68e51bf4220e7.page.xsl]
[07/Oct/2025 07:56:29 America/Denver] [Info] Transformation: spn-58429-31---dtc-e43d-1f.html -> spn-58429-31---dtc-e43d-1f.html [68e51bf4220e7.page.xsl]
[07/Oct/2025 07:56:29 America/Denver] [Info] Transformation: spn-57965-31---dtc-e26d-1f.html -> spn-57965-31---dtc-e26d-1f.html [68e51bf4220e7.page.xsl]
[07/Oct/2025 07:56:29 America/Denver] [Info] Transformation: check-fuel-rail-pressure-adjustment.html -> check-fuel-rail-pressure-adjustment.html [68e51bf4220e7.page.xsl]
[07/Oct/2025 07:56:29 America/Denver] [Info] Transformation: lack-of-performance.html -> lack-of-performance.html [68e51bf4220e7.page.xsl]
[07/Oct/2025 07:56:29 America/Denver] [Info] Transformation: spn-9898-31---dtc-26aa-1f.html -> spn-9898-31---dtc-26aa-1f.html [68e51bf4220e7.page.xsl]
[07/Oct/2025 07:56:29 America/Denver] [Info] Transformation: spn-59453-31---dtc-e83d-1f.html -> spn-59453-31---dtc-e83d-1f.html [68e51bf4220e7.page.xsl]
[07/Oct/2025 07:56:29 America/Denver] [Info] Transformation: check-suction-pressure-between-tank-and-pre-filter--fuel-water-separator-.html -> check-suction-pressure-between-tank-and-pre-filter--fuel-water-separator-.html [68e51bf4220e7.page.xsl]
[07/Oct/2025 07:56:29 America/Denver] [Info] Transformation: engine-oil-consumption.html -> engine-oil-consumption.html [68e51bf4220e7.page.xsl]
[07/Oct/2025 07:56:29 America/Denver] [Info] Transformation: spn-57742-31---dtc-e18e-1f.html -> spn-57742-31---dtc-e18e-1f.html [68e51bf4220e7.page.xsl]
[07/Oct/2025 07:56:29 America/Denver] [Info] Transformation: spn-64159-31---dtc-fa9f-1f.html -> spn-64159-31---dtc-fa9f-1f.html [68e51bf4220e7.page.xsl]
[07/Oct/2025 07:56:29 America/Denver] [Info] Transformation: spn-4506-31---dtc-119a-1f.html -> spn-4506-31---dtc-119a-1f.html [68e51bf4220e7.page.xsl]
[07/Oct/2025 07:56:29 America/Denver] [Info] Transformation: spn-58733-31---dtc-e56d-1f.html -> spn-58733-31---dtc-e56d-1f.html [68e51bf4220e7.page.xsl]
[07/Oct/2025 07:56:29 America/Denver] [Info] Transformation: spn-21782-31---dtc-5516-1f.html -> spn-21782-31---dtc-5516-1f.html [68e51bf4220e7.page.xsl]
[07/Oct/2025 07:56:29 America/Denver] [Info] Transformation: spn-14164-31---dtc-3754-1f.html -> spn-14164-31---dtc-3754-1f.html [68e51bf4220e7.page.xsl]
[07/Oct/2025 07:56:29 America/Denver] [Info] Transformation: spn-64671-31---dtc-fc9f-1f.html -> spn-64671-31---dtc-fc9f-1f.html [68e51bf4220e7.page.xsl]
[07/Oct/2025 07:56:29 America/Denver] [Info] Transformation: spn-6058-31---dtc-17aa-1f.html -> spn-6058-31---dtc-17aa-1f.html [68e51bf4220e7.page.xsl]
[07/Oct/2025 07:56:29 America/Denver] [Info] Transformation: spn-19658-31---dtc-4cca-1f.html -> spn-19658-31---dtc-4cca-1f.html [68e51bf4220e7.page.xsl]
[07/Oct/2025 07:56:29 America/Denver] [Info] Transformation: spn-27156-31---dtc-6a14-1f.html -> spn-27156-31---dtc-6a14-1f.html [68e51bf4220e7.page.xsl]
[07/Oct/2025 07:56:29 America/Denver] [Info] Transformation: spn-19338-31---dtc-4b8a-1f.html -> spn-19338-31---dtc-4b8a-1f.html [68e51bf4220e7.page.xsl]
[07/Oct/2025 07:56:29 America/Denver] [Info] Transformation: spn-39355-31--dtc-99bb-1f.html -> spn-39355-31--dtc-99bb-1f.html [68e51bf4220e7.page.xsl]
[07/Oct/2025 07:56:29 America/Denver] [Info] Transformation: spn-58157-31---dtc-e32d-1f.html -> spn-58157-31---dtc-e32d-1f.html [68e51bf4220e7.page.xsl]
[07/Oct/2025 07:56:29 America/Denver] [Info] Transformation: spn-8805-31---dtc-2265-1f.html -> spn-8805-31---dtc-2265-1f.html [68e51bf4220e7.page.xsl]
[07/Oct/2025 07:56:29 America/Denver] [Info] Transformation: spn-39658-31---dtc-9aea-1f.html -> spn-39658-31---dtc-9aea-1f.html [68e51bf4220e7.page.xsl]
[07/Oct/2025 07:56:29 America/Denver] [Info] Transformation: spn-58685-31---dtc-e53d-1f.html -> spn-58685-31---dtc-e53d-1f.html [68e51bf4220e7.page.xsl]
[07/Oct/2025 07:56:29 America/Denver] [Info] Transformation: spn-16677-31---dtc-4125-1f.html -> spn-16677-31---dtc-4125-1f.html [68e51bf4220e7.page.xsl]
[07/Oct/2025 07:56:29 America/Denver] [Info] Transformation: spn-10842-31---dtc-2a5a-1f.html -> spn-10842-31---dtc-2a5a-1f.html [68e51bf4220e7.page.xsl]
[07/Oct/2025 07:56:29 America/Denver] [Info] Transformation: spn-34170-31---dtc-857a-1f.html -> spn-34170-31---dtc-857a-1f.html [68e51bf4220e7.page.xsl]
[07/Oct/2025 07:56:29 America/Denver] [Info] Transformation: spn-19534-31---dtc-4c4e-1f.html -> spn-19534-31---dtc-4c4e-1f.html [68e51bf4220e7.page.xsl]
[07/Oct/2025 07:56:29 America/Denver] [Info] Transformation: spn-30549-31---dtc-7755-1f.html -> spn-30549-31---dtc-7755-1f.html [68e51bf4220e7.page.xsl]
[07/Oct/2025 07:56:29 America/Denver] [Info] Transformation: spn-59165-31---dtc-e71d-1f.html -> spn-59165-31---dtc-e71d-1f.html [68e51bf4220e7.page.xsl]
[07/Oct/2025 07:56:29 America/Denver] [Info] Transformation: spn-29986-31---dtc-7522-1f.html -> spn-29986-31---dtc-7522-1f.html [68e51bf4220e7.page.xsl]
[07/Oct/2025 07:56:29 America/Denver] [Info] Transformation: spn-37835-31---dtc-93cb-1f.html -> spn-37835-31---dtc-93cb-1f.html [68e51bf4220e7.page.xsl]
[07/Oct/2025 07:56:29 America/Denver] [Info] Transformation: spn-21077-31---dtc-5255-1f.html -> spn-21077-31---dtc-5255-1f.html [68e51bf4220e7.page.xsl]
[07/Oct/2025 07:56:29 America/Denver] [Info] Transformation: spn-11876-31---dtc-2e64-1f.html -> spn-11876-31---dtc-2e64-1f.html [68e51bf4220e7.page.xsl]
[07/Oct/2025 07:56:29 America/Denver] [Info] Transformation: spn-5686-31---dtc-1636-1f.html -> spn-5686-31---dtc-1636-1f.html [68e51bf4220e7.page.xsl]
[07/Oct/2025 07:56:29 America/Denver] [Info] Transformation: technical-data-for-def-quality--level--and-temperature-sensor--sun-a-.html -> technical-data-for-def-quality--level--and-temperature-sensor--sun-a-.html [68e51bf4220e7.page.xsl]
[07/Oct/2025 07:56:29 America/Denver] [Info] Transformation: spn-15830-31---dtc-3dd6-1f.html -> spn-15830-31---dtc-3dd6-1f.html [68e51bf4220e7.page.xsl]
[07/Oct/2025 07:56:29 America/Denver] [Info] Transformation: spn-29206-31---dtc-7216-1f.html -> spn-29206-31---dtc-7216-1f.html [68e51bf4220e7.page.xsl]
[07/Oct/2025 07:56:29 America/Denver] [Info] Transformation: spn-23933-31---dtc-5d7d-1f.html -> spn-23933-31---dtc-5d7d-1f.html [68e51bf4220e7.page.xsl]
[07/Oct/2025 07:56:29 America/Denver] [Info] Transformation: spn-60717-31---dtc-ed2d-1f.html -> spn-60717-31---dtc-ed2d-1f.html [68e51bf4220e7.page.xsl]
[07/Oct/2025 07:56:29 America/Denver] [Info] Transformation: spn-6682-31---dtc-1a1a-1f.html -> spn-6682-31---dtc-1a1a-1f.html [68e51bf4220e7.page.xsl]
[07/Oct/2025 07:56:29 America/Denver] [Info] Transformation: spn-59421-31---dtc-e81d-1f.html -> spn-59421-31---dtc-e81d-1f.html [68e51bf4220e7.page.xsl]
[07/Oct/2025 07:56:29 America/Denver] [Info] Transformation: spn-34836-31---dtc-8814-1f.html -> spn-34836-31---dtc-8814-1f.html [68e51bf4220e7.page.xsl]
[07/Oct/2025 07:56:29 America/Denver] [Info] Transformation: oil-leaking-from-compressor-inlet.html -> oil-leaking-from-compressor-inlet.html [68e51bf4220e7.page.xsl]
[07/Oct/2025 07:56:29 America/Denver] [Info] Transformation: spn-36477-31---dtc-8e7d-1f.html -> spn-36477-31---dtc-8e7d-1f.html [68e51bf4220e7.page.xsl]
[07/Oct/2025 07:56:29 America/Denver] [Info] Transformation: spn-19588-31---dtc-4c84-1f.html -> spn-19588-31---dtc-4c84-1f.html [68e51bf4220e7.page.xsl]
[07/Oct/2025 07:56:29 America/Denver] [Info] Transformation: spn-37739-31---dtc-936b-1f.html -> spn-37739-31---dtc-936b-1f.html [68e51bf4220e7.page.xsl]
[07/Oct/2025 07:56:29 America/Denver] [Info] Transformation: spn-19086-31---dtc-4a8e-1f.html -> spn-19086-31---dtc-4a8e-1f.html [68e51bf4220e7.page.xsl]
[07/Oct/2025 07:56:29 America/Denver] [Info] Transformation: spn-12777-31---dtc-31e9-1f.html -> spn-12777-31---dtc-31e9-1f.html [68e51bf4220e7.page.xsl]
[07/Oct/2025 07:56:29 America/Denver] [Info] Transformation: spn-59870-31---dtc-e9de-1f.html -> spn-59870-31---dtc-e9de-1f.html [68e51bf4220e7.page.xsl]
[07/Oct/2025 07:56:29 America/Denver] [Info] Transformation: spn-18042-31---dtc-467a-1f.html -> spn-18042-31---dtc-467a-1f.html [68e51bf4220e7.page.xsl]
[07/Oct/2025 07:56:29 America/Denver] [Info] Transformation: spn-25638-31---dtc-6426-1f.html -> spn-25638-31---dtc-6426-1f.html [68e51bf4220e7.page.xsl]
[07/Oct/2025 07:56:29 America/Denver] [Info] Transformation: spn-37308-31---dtc-91bc-1f.html -> spn-37308-31---dtc-91bc-1f.html [68e51bf4220e7.page.xsl]
[07/Oct/2025 07:56:29 America/Denver] [Info] Transformation: spn-58397-31---dtc-e41d-1f.html -> spn-58397-31---dtc-e41d-1f.html [68e51bf4220e7.page.xsl]
[07/Oct/2025 07:56:29 America/Denver] [Info] Transformation: identifying-the-def-tank-manufacturer.html -> identifying-the-def-tank-manufacturer.html [68e51bf4220e7.page.xsl]
[07/Oct/2025 07:56:29 America/Denver] [Info] Transformation: spn-27517-31---dtc-6b7d-1f.html -> spn-27517-31---dtc-6b7d-1f.html [68e51bf4220e7.page.xsl]
[07/Oct/2025 07:56:29 America/Denver] [Info] Transformation: spn-25634-31---dtc-6422-1f.html -> spn-25634-31---dtc-6422-1f.html [68e51bf4220e7.page.xsl]
[07/Oct/2025 07:56:29 America/Denver] [Info] Transformation: spn-58413-31---dtc-e42d-1f.html -> spn-58413-31---dtc-e42d-1f.html [68e51bf4220e7.page.xsl]
[07/Oct/2025 07:56:29 America/Denver] [Info] Transformation: spn-58801-31---dtc-e5b1-1f.html -> spn-58801-31---dtc-e5b1-1f.html [68e51bf4220e7.page.xsl]
[07/Oct/2025 07:56:29 America/Denver] [Info] Transformation: spn-4701-31---dtc-125d-1f.html -> spn-4701-31---dtc-125d-1f.html [68e51bf4220e7.page.xsl]
[07/Oct/2025 07:56:29 America/Denver] [Info] Transformation: spn-59102-31---dtc-e6de-1f.html -> spn-59102-31---dtc-e6de-1f.html [68e51bf4220e7.page.xsl]
[07/Oct/2025 07:56:29 America/Denver] [Info] Transformation: check-for-external-fuel-leakage-in-the-engine-area.html -> check-for-external-fuel-leakage-in-the-engine-area.html [68e51bf4220e7.page.xsl]
[07/Oct/2025 07:56:30 America/Denver] [Info] Transformation: spn-25210-31---dtc-627a-1f.html -> spn-25210-31---dtc-627a-1f.html [68e51bf4220e7.page.xsl]
[07/Oct/2025 07:56:30 America/Denver] [Info] Transformation: check-the-ecu-power-supply.html -> check-the-ecu-power-supply.html [68e51bf4220e7.page.xsl]
[07/Oct/2025 07:56:30 America/Denver] [Info] Transformation: spn-64927-31---dtc-fd9f-1f.html -> spn-64927-31---dtc-fd9f-1f.html [68e51bf4220e7.page.xsl]
[07/Oct/2025 07:56:30 America/Denver] [Info] Transformation: spn-62367-31---dtc-f39f-1f.html -> spn-62367-31---dtc-f39f-1f.html [68e51bf4220e7.page.xsl]
[07/Oct/2025 07:56:30 America/Denver] [Info] Transformation: turbo-diagnosis-and-repair.html -> turbo-diagnosis-and-repair.html [68e51bf4220e7.page.xsl]
[07/Oct/2025 07:56:30 America/Denver] [Info] Transformation: spn-59613-31---dtc-e8dd-1f.html -> spn-59613-31---dtc-e8dd-1f.html [68e51bf4220e7.page.xsl]
[07/Oct/2025 07:56:30 America/Denver] [Info] Transformation: spn-59693-31---dtc-e92d-1f.html -> spn-59693-31---dtc-e92d-1f.html [68e51bf4220e7.page.xsl]
[07/Oct/2025 07:56:30 America/Denver] [Info] Transformation: spn-59101-31---dtc-e6dd-1f.html -> spn-59101-31---dtc-e6dd-1f.html [68e51bf4220e7.page.xsl]
[07/Oct/2025 07:56:30 America/Denver] [Info] Transformation: spn-6366-31---dtc-18de-1f.html -> spn-6366-31---dtc-18de-1f.html [68e51bf4220e7.page.xsl]
[07/Oct/2025 07:56:30 America/Denver] [Info] Transformation: visually-check-the-crankcase-system.html -> visually-check-the-crankcase-system.html [68e51bf4220e7.page.xsl]
[07/Oct/2025 07:56:30 America/Denver] [Info] Transformation: fuel-high-pressure-relief-test.html -> fuel-high-pressure-relief-test.html [68e51bf4220e7.page.xsl]
[07/Oct/2025 07:56:30 America/Denver] [Info] Transformation: spn-60189-31---dtc-eb1d-1f.html -> spn-60189-31---dtc-eb1d-1f.html [68e51bf4220e7.page.xsl]
[07/Oct/2025 07:56:30 America/Denver] [Info] Transformation: test-the-def-supply-module--bosch-2-2-and-2-5-.html -> test-the-def-supply-module--bosch-2-2-and-2-5-.html [68e51bf4220e7.page.xsl]
[07/Oct/2025 07:56:30 America/Denver] [Info] Transformation: spn-13868-31---dtc-362c-1f.html -> spn-13868-31---dtc-362c-1f.html [68e51bf4220e7.page.xsl]
[07/Oct/2025 07:56:30 America/Denver] [Info] Transformation: spn-16658-31---dtc-4112-1f.html -> spn-16658-31---dtc-4112-1f.html [68e51bf4220e7.page.xsl]
[07/Oct/2025 07:56:30 America/Denver] [Info] Transformation: spn-24890-31---dtc-613a-1f.html -> spn-24890-31---dtc-613a-1f.html [68e51bf4220e7.page.xsl]
[07/Oct/2025 07:56:30 America/Denver] [Info] Transformation: spn-21526-31---dtc-5416-1f.html -> spn-21526-31---dtc-5416-1f.html [68e51bf4220e7.page.xsl]
[07/Oct/2025 07:56:30 America/Denver] [Info] Transformation: spn-57885-31---dtc-e21d-1f.html -> spn-57885-31---dtc-e21d-1f.html [68e51bf4220e7.page.xsl]
[07/Oct/2025 07:56:30 America/Denver] [Info] Transformation: spn-11604-31---dtc-2d54-1f.html -> spn-11604-31---dtc-2d54-1f.html [68e51bf4220e7.page.xsl]
[07/Oct/2025 07:56:30 America/Denver] [Info] Transformation: spn-36026-31---dtc-8cba-1f.html -> spn-36026-31---dtc-8cba-1f.html [68e51bf4220e7.page.xsl]
[07/Oct/2025 07:56:30 America/Denver] [Info] Transformation: spn-9053-31---dtc-235d-1f.html -> spn-9053-31---dtc-235d-1f.html [68e51bf4220e7.page.xsl]
[07/Oct/2025 07:56:30 America/Denver] [Info] Transformation: spn-31418-31---dtc-7aba-1f.html -> spn-31418-31---dtc-7aba-1f.html [68e51bf4220e7.page.xsl]
[07/Oct/2025 07:56:30 America/Denver] [Info] Transformation: spn-61858-31---dtc-f1a2-1f.html -> spn-61858-31---dtc-f1a2-1f.html [68e51bf4220e7.page.xsl]
[07/Oct/2025 07:56:30 America/Denver] [Info] Transformation: UUID-3e0f75c5-a24b-d361-ee60-a40164e66b8d.html -> UUID-3e0f75c5-a24b-d361-ee60-a40164e66b8d.html [68e51bf4220e7.page.xsl]
[07/Oct/2025 07:56:30 America/Denver] [Info] Transformation: urea-dosing-leakage-check--udlc-.html -> urea-dosing-leakage-check--udlc-.html [68e51bf4220e7.page.xsl]
[07/Oct/2025 07:56:30 America/Denver] [Info] Transformation: spn-11541-31---dtc-2d15-1f.html -> spn-11541-31---dtc-2d15-1f.html [68e51bf4220e7.page.xsl]
[07/Oct/2025 07:56:30 America/Denver] [Info] Transformation: spn-9509-31---dtc-2525-1f.html -> spn-9509-31---dtc-2525-1f.html [68e51bf4220e7.page.xsl]
[07/Oct/2025 07:56:30 America/Denver] [Info] Transformation: spn-58478-31---dtc-e46e-1f.html -> spn-58478-31---dtc-e46e-1f.html [68e51bf4220e7.page.xsl]
[07/Oct/2025 07:56:30 America/Denver] [Info] Transformation: spn-40302-31---dtc-9d6e-1f.html -> spn-40302-31---dtc-9d6e-1f.html [68e51bf4220e7.page.xsl]
[07/Oct/2025 07:56:30 America/Denver] [Info] Transformation: spn-18318-31---dtc-478e-1f.html -> spn-18318-31---dtc-478e-1f.html [68e51bf4220e7.page.xsl]
[07/Oct/2025 07:56:30 America/Denver] [Info] Transformation: spn-33621-31---dtc-8355-1f.html -> spn-33621-31---dtc-8355-1f.html [68e51bf4220e7.page.xsl]
[07/Oct/2025 07:56:30 America/Denver] [Info] Transformation: spn-4421-31---dtc-1145-1f.html -> spn-4421-31---dtc-1145-1f.html [68e51bf4220e7.page.xsl]
[07/Oct/2025 07:56:30 America/Denver] [Info] Transformation: spn-22036-31---dtc-5614-1f.html -> spn-22036-31---dtc-5614-1f.html [68e51bf4220e7.page.xsl]
[07/Oct/2025 07:56:30 America/Denver] [Info] Transformation: spn-63647-31---dtc-f89f-1f.html -> spn-63647-31---dtc-f89f-1f.html [68e51bf4220e7.page.xsl]
[07/Oct/2025 07:56:30 America/Denver] [Info] Transformation: spn-11478-31---dtc-2cd6-1f.html -> spn-11478-31---dtc-2cd6-1f.html [68e51bf4220e7.page.xsl]
[07/Oct/2025 07:56:30 America/Denver] [Info] Transformation: fuel-pump-leakage-test.html -> fuel-pump-leakage-test.html [68e51bf4220e7.page.xsl]
[07/Oct/2025 07:56:30 America/Denver] [Info] Transformation: spn-9614-31---dtc-258e-1f.html -> spn-9614-31---dtc-258e-1f.html [68e51bf4220e7.page.xsl]
[07/Oct/2025 07:56:30 America/Denver] [Info] Transformation: spn-30106-31---dtc-759a-1f.html -> spn-30106-31---dtc-759a-1f.html [68e51bf4220e7.page.xsl]
[07/Oct/2025 07:56:30 America/Denver] [Info] Transformation: spn-58077-31---dtc-e2dd-1f.html -> spn-58077-31---dtc-e2dd-1f.html [68e51bf4220e7.page.xsl]
[07/Oct/2025 07:56:30 America/Denver] [Info] Transformation: spn-62095-31---dtc-f28f-1f.html -> spn-62095-31---dtc-f28f-1f.html [68e51bf4220e7.page.xsl]
[07/Oct/2025 07:56:30 America/Denver] [Info] Transformation: spn-38139-31---dtc-94fb-1f.html -> spn-38139-31---dtc-94fb-1f.html [68e51bf4220e7.page.xsl]
[07/Oct/2025 07:56:30 America/Denver] [Info] Transformation: spn-4449-31---dtc-1161-1f.html -> spn-4449-31---dtc-1161-1f.html [68e51bf4220e7.page.xsl]
[07/Oct/2025 07:56:30 America/Denver] [Info] Generating index page.
[07/Oct/2025 07:56:30 America/Denver] [Info] Transformation: index.manifest -> index.html [68e51bf4220e7.index.xsl]
[07/Oct/2025 07:56:30 America/Denver] [Info] # Took 50.411992 seconds to render.
